{"/Users/danielopazodamiani/Downloads/HHRGithub20Dic-main/components/DeviceSelector.tsx": {"path":"/Users/danielopazodamiani/Downloads/HHRGithub20Dic-main/components/DeviceSelector.tsx","statementMap":{"0":{"start":{"line":28,"column":17},"end":{"line":28,"column":null}},"1":{"start":{"line":28,"column":37},"end":{"line":28,"column":null}},"2":{"start":{"line":30,"column":25},"end":{"line":36,"column":null}},"3":{"start":{"line":31,"column":29},"end":{"line":31,"column":null}},"4":{"start":{"line":31,"column":49},"end":{"line":31,"column":69}},"5":{"start":{"line":32,"column":10},"end":{"line":32,"column":null}},"6":{"start":{"line":33,"column":23},"end":{"line":33,"column":null}},"7":{"start":{"line":34,"column":26},"end":{"line":34,"column":null}},"8":{"start":{"line":34,"column":46},"end":{"line":34,"column":58}},"9":{"start":{"line":35,"column":4},"end":{"line":35,"column":null}},"10":{"start":{"line":38,"column":23},"end":{"line":41,"column":null}},"11":{"start":{"line":39,"column":4},"end":{"line":39,"column":null}},"12":{"start":{"line":39,"column":31},"end":{"line":39,"column":null}},"13":{"start":{"line":40,"column":4},"end":{"line":40,"column":null}},"14":{"start":{"line":40,"column":33},"end":{"line":40,"column":47}},"15":{"start":{"line":60,"column":61},"end":{"line":244,"column":null}},"16":{"start":{"line":68,"column":32},"end":{"line":68,"column":null}},"17":{"start":{"line":69,"column":42},"end":{"line":69,"column":null}},"18":{"start":{"line":70,"column":10},"end":{"line":70,"column":null}},"19":{"start":{"line":71,"column":40},"end":{"line":71,"column":null}},"20":{"start":{"line":76,"column":4},"end":{"line":81,"column":null}},"21":{"start":{"line":77,"column":27},"end":{"line":77,"column":null}},"22":{"start":{"line":78,"column":8},"end":{"line":80,"column":null}},"23":{"start":{"line":79,"column":12},"end":{"line":79,"column":null}},"24":{"start":{"line":86,"column":21},"end":{"line":86,"column":null}},"25":{"start":{"line":86,"column":51},"end":{"line":86,"column":72}},"26":{"start":{"line":87,"column":23},"end":{"line":87,"column":null}},"27":{"start":{"line":87,"column":53},"end":{"line":87,"column":74}},"28":{"start":{"line":93,"column":10},"end":{"line":106,"column":null}},"29":{"start":{"line":94,"column":29},"end":{"line":94,"column":null}},"30":{"start":{"line":95,"column":27},"end":{"line":95,"column":null}},"31":{"start":{"line":95,"column":47},"end":{"line":95,"column":59}},"32":{"start":{"line":96,"column":26},"end":{"line":96,"column":null}},"33":{"start":{"line":97,"column":8},"end":{"line":97,"column":null}},"34":{"start":{"line":99,"column":8},"end":{"line":105,"column":null}},"35":{"start":{"line":100,"column":35},"end":{"line":100,"column":null}},"36":{"start":{"line":101,"column":12},"end":{"line":103,"column":null}},"37":{"start":{"line":102,"column":16},"end":{"line":102,"column":null}},"38":{"start":{"line":104,"column":12},"end":{"line":104,"column":null}},"39":{"start":{"line":108,"column":10},"end":{"line":120,"column":null}},"40":{"start":{"line":109,"column":8},"end":{"line":119,"column":null}},"41":{"start":{"line":110,"column":12},"end":{"line":110,"column":null}},"42":{"start":{"line":110,"column":41},"end":{"line":110,"column":53}},"43":{"start":{"line":112,"column":12},"end":{"line":116,"column":null}},"44":{"start":{"line":113,"column":35},"end":{"line":113,"column":null}},"45":{"start":{"line":114,"column":16},"end":{"line":114,"column":null}},"46":{"start":{"line":115,"column":16},"end":{"line":115,"column":null}},"47":{"start":{"line":118,"column":12},"end":{"line":118,"column":null}},"48":{"start":{"line":122,"column":10},"end":{"line":126,"column":null}},"49":{"start":{"line":123,"column":8},"end":{"line":125,"column":null}},"50":{"start":{"line":124,"column":12},"end":{"line":124,"column":null}},"51":{"start":{"line":128,"column":10},"end":{"line":130,"column":null}},"52":{"start":{"line":129,"column":8},"end":{"line":129,"column":null}},"53":{"start":{"line":129,"column":37},"end":{"line":129,"column":49}},"54":{"start":{"line":132,"column":10},"end":{"line":139,"column":null}},"55":{"start":{"line":133,"column":8},"end":{"line":138,"column":null}},"56":{"start":{"line":134,"column":12},"end":{"line":137,"column":null}},"57":{"start":{"line":145,"column":10},"end":{"line":154,"column":null}},"58":{"start":{"line":146,"column":8},"end":{"line":146,"column":null}},"59":{"start":{"line":146,"column":32},"end":{"line":146,"column":null}},"60":{"start":{"line":147,"column":21},"end":{"line":147,"column":null}},"61":{"start":{"line":148,"column":22},"end":{"line":148,"column":null}},"62":{"start":{"line":149,"column":21},"end":{"line":149,"column":null}},"63":{"start":{"line":150,"column":8},"end":{"line":153,"column":null}},"64":{"start":{"line":156,"column":4},"end":{"line":166,"column":null}},"65":{"start":{"line":157,"column":8},"end":{"line":157,"column":null}},"66":{"start":{"line":157,"column":23},"end":{"line":157,"column":null}},"67":{"start":{"line":158,"column":8},"end":{"line":158,"column":null}},"68":{"start":{"line":159,"column":23},"end":{"line":159,"column":null}},"69":{"start":{"line":159,"column":29},"end":{"line":159,"column":null}},"70":{"start":{"line":160,"column":8},"end":{"line":160,"column":null}},"71":{"start":{"line":161,"column":8},"end":{"line":161,"column":null}},"72":{"start":{"line":162,"column":8},"end":{"line":165,"column":null}},"73":{"start":{"line":163,"column":12},"end":{"line":163,"column":null}},"74":{"start":{"line":164,"column":12},"end":{"line":164,"column":null}},"75":{"start":{"line":173,"column":4},"end":{"line":189,"column":null}},"76":{"start":{"line":174,"column":8},"end":{"line":187,"column":null}},"77":{"start":{"line":180,"column":20},"end":{"line":185,"column":null}},"78":{"start":{"line":191,"column":4},"end":{"line":242,"column":null}},"79":{"start":{"line":197,"column":31},"end":{"line":197,"column":null}},"80":{"start":{"line":206,"column":20},"end":{"line":211,"column":null}},"81":{"start":{"line":223,"column":35},"end":{"line":223,"column":null}},"82":{"start":{"line":239,"column":35},"end":{"line":239,"column":null}}},"fnMap":{"0":{"name":"(anonymous_0)","decl":{"start":{"line":28,"column":17},"end":{"line":28,"column":18}},"loc":{"start":{"line":28,"column":37},"end":{"line":28,"column":null}},"line":28},"1":{"name":"(anonymous_1)","decl":{"start":{"line":30,"column":25},"end":{"line":30,"column":26}},"loc":{"start":{"line":30,"column":58},"end":{"line":36,"column":null}},"line":30},"2":{"name":"(anonymous_2)","decl":{"start":{"line":31,"column":44},"end":{"line":31,"column":49}},"loc":{"start":{"line":31,"column":49},"end":{"line":31,"column":69}},"line":31},"3":{"name":"(anonymous_3)","decl":{"start":{"line":34,"column":41},"end":{"line":34,"column":46}},"loc":{"start":{"line":34,"column":46},"end":{"line":34,"column":58}},"line":34},"4":{"name":"(anonymous_4)","decl":{"start":{"line":38,"column":23},"end":{"line":38,"column":24}},"loc":{"start":{"line":38,"column":53},"end":{"line":41,"column":null}},"line":38},"5":{"name":"(anonymous_5)","decl":{"start":{"line":40,"column":19},"end":{"line":40,"column":20}},"loc":{"start":{"line":40,"column":33},"end":{"line":40,"column":47}},"line":40},"6":{"name":"(anonymous_6)","decl":{"start":{"line":60,"column":61},"end":{"line":60,"column":62}},"loc":{"start":{"line":67,"column":6},"end":{"line":244,"column":null}},"line":67},"7":{"name":"(anonymous_7)","decl":{"start":{"line":76,"column":14},"end":{"line":76,"column":20}},"loc":{"start":{"line":76,"column":20},"end":{"line":81,"column":7}},"line":76},"8":{"name":"(anonymous_8)","decl":{"start":{"line":86,"column":44},"end":{"line":86,"column":51}},"loc":{"start":{"line":86,"column":51},"end":{"line":86,"column":72}},"line":86},"9":{"name":"(anonymous_9)","decl":{"start":{"line":87,"column":46},"end":{"line":87,"column":53}},"loc":{"start":{"line":87,"column":53},"end":{"line":87,"column":74}},"line":87},"10":{"name":"(anonymous_10)","decl":{"start":{"line":93,"column":36},"end":{"line":93,"column":37}},"loc":{"start":{"line":93,"column":55},"end":{"line":106,"column":7}},"line":93},"11":{"name":"(anonymous_11)","decl":{"start":{"line":95,"column":42},"end":{"line":95,"column":47}},"loc":{"start":{"line":95,"column":47},"end":{"line":95,"column":59}},"line":95},"12":{"name":"(anonymous_12)","decl":{"start":{"line":101,"column":56},"end":{"line":101,"column":63}},"loc":{"start":{"line":101,"column":63},"end":{"line":103,"column":13}},"line":101},"13":{"name":"(anonymous_13)","decl":{"start":{"line":108,"column":37},"end":{"line":108,"column":38}},"loc":{"start":{"line":108,"column":57},"end":{"line":120,"column":7}},"line":108},"14":{"name":"(anonymous_14)","decl":{"start":{"line":110,"column":36},"end":{"line":110,"column":41}},"loc":{"start":{"line":110,"column":41},"end":{"line":110,"column":53}},"line":110},"15":{"name":"(anonymous_15)","decl":{"start":{"line":122,"column":40},"end":{"line":122,"column":41}},"loc":{"start":{"line":122,"column":60},"end":{"line":126,"column":7}},"line":122},"16":{"name":"(anonymous_16)","decl":{"start":{"line":128,"column":37},"end":{"line":128,"column":38}},"loc":{"start":{"line":128,"column":57},"end":{"line":130,"column":7}},"line":128},"17":{"name":"(anonymous_17)","decl":{"start":{"line":129,"column":32},"end":{"line":129,"column":37}},"loc":{"start":{"line":129,"column":37},"end":{"line":129,"column":49}},"line":129},"18":{"name":"(anonymous_18)","decl":{"start":{"line":132,"column":47},"end":{"line":132,"column":48}},"loc":{"start":{"line":132,"column":69},"end":{"line":139,"column":7}},"line":132},"19":{"name":"(anonymous_19)","decl":{"start":{"line":145,"column":43},"end":{"line":145,"column":49}},"loc":{"start":{"line":145,"column":49},"end":{"line":154,"column":7}},"line":145},"20":{"name":"(anonymous_20)","decl":{"start":{"line":156,"column":14},"end":{"line":156,"column":20}},"loc":{"start":{"line":156,"column":20},"end":{"line":166,"column":7}},"line":156},"21":{"name":"(anonymous_21)","decl":{"start":{"line":159,"column":23},"end":{"line":159,"column":29}},"loc":{"start":{"line":159,"column":29},"end":{"line":159,"column":null}},"line":159},"22":{"name":"(anonymous_22)","decl":{"start":{"line":162,"column":15},"end":{"line":162,"column":21}},"loc":{"start":{"line":162,"column":21},"end":{"line":165,"column":null}},"line":162},"23":{"name":"(anonymous_23)","decl":{"start":{"line":179,"column":29},"end":{"line":179,"column":30}},"loc":{"start":{"line":180,"column":20},"end":{"line":185,"column":null}},"line":180},"24":{"name":"(anonymous_24)","decl":{"start":{"line":197,"column":25},"end":{"line":197,"column":31}},"loc":{"start":{"line":197,"column":31},"end":{"line":197,"column":null}},"line":197},"25":{"name":"(anonymous_25)","decl":{"start":{"line":205,"column":29},"end":{"line":205,"column":30}},"loc":{"start":{"line":206,"column":20},"end":{"line":211,"column":null}},"line":206},"26":{"name":"(anonymous_26)","decl":{"start":{"line":223,"column":29},"end":{"line":223,"column":35}},"loc":{"start":{"line":223,"column":35},"end":{"line":223,"column":null}},"line":223},"27":{"name":"(anonymous_27)","decl":{"start":{"line":239,"column":29},"end":{"line":239,"column":35}},"loc":{"start":{"line":239,"column":35},"end":{"line":239,"column":null}},"line":239}},"branchMap":{"0":{"loc":{"start":{"line":28,"column":37},"end":{"line":28,"column":null}},"type":"binary-expr","locations":[{"start":{"line":28,"column":37},"end":{"line":28,"column":57}},{"start":{"line":28,"column":57},"end":{"line":28,"column":79}},{"start":{"line":28,"column":79},"end":{"line":28,"column":null}}],"line":28},"1":{"loc":{"start":{"line":32,"column":28},"end":{"line":32,"column":66}},"type":"cond-expr","locations":[{"start":{"line":32,"column":56},"end":{"line":32,"column":60}},{"start":{"line":32,"column":60},"end":{"line":32,"column":66}}],"line":32},"2":{"loc":{"start":{"line":32,"column":66},"end":{"line":32,"column":null}},"type":"cond-expr","locations":[{"start":{"line":32,"column":92},"end":{"line":32,"column":96}},{"start":{"line":32,"column":96},"end":{"line":32,"column":null}}],"line":32},"3":{"loc":{"start":{"line":39,"column":4},"end":{"line":39,"column":null}},"type":"if","locations":[{"start":{"line":39,"column":4},"end":{"line":39,"column":null}},{"start":{},"end":{}}],"line":39},"4":{"loc":{"start":{"line":61,"column":4},"end":{"line":61,"column":null}},"type":"default-arg","locations":[{"start":{"line":61,"column":14},"end":{"line":61,"column":null}}],"line":61},"5":{"loc":{"start":{"line":62,"column":4},"end":{"line":62,"column":null}},"type":"default-arg","locations":[{"start":{"line":62,"column":20},"end":{"line":62,"column":null}}],"line":62},"6":{"loc":{"start":{"line":78,"column":8},"end":{"line":80,"column":null}},"type":"if","locations":[{"start":{"line":78,"column":8},"end":{"line":80,"column":null}},{"start":{},"end":{}}],"line":78},"7":{"loc":{"start":{"line":99,"column":8},"end":{"line":105,"column":null}},"type":"if","locations":[{"start":{"line":99,"column":8},"end":{"line":105,"column":null}},{"start":{},"end":{}}],"line":99},"8":{"loc":{"start":{"line":109,"column":8},"end":{"line":119,"column":null}},"type":"if","locations":[{"start":{"line":109,"column":8},"end":{"line":119,"column":null}},{"start":{"line":117,"column":15},"end":{"line":119,"column":null}}],"line":109},"9":{"loc":{"start":{"line":112,"column":12},"end":{"line":116,"column":null}},"type":"if","locations":[{"start":{"line":112,"column":12},"end":{"line":116,"column":null}},{"start":{},"end":{}}],"line":112},"10":{"loc":{"start":{"line":112,"column":16},"end":{"line":112,"column":86}},"type":"binary-expr","locations":[{"start":{"line":112,"column":16},"end":{"line":112,"column":69}},{"start":{"line":112,"column":69},"end":{"line":112,"column":86}}],"line":112},"11":{"loc":{"start":{"line":123,"column":8},"end":{"line":125,"column":null}},"type":"if","locations":[{"start":{"line":123,"column":8},"end":{"line":125,"column":null}},{"start":{},"end":{}}],"line":123},"12":{"loc":{"start":{"line":133,"column":8},"end":{"line":138,"column":null}},"type":"if","locations":[{"start":{"line":133,"column":8},"end":{"line":138,"column":null}},{"start":{},"end":{}}],"line":133},"13":{"loc":{"start":{"line":133,"column":12},"end":{"line":133,"column":46}},"type":"binary-expr","locations":[{"start":{"line":133,"column":12},"end":{"line":133,"column":29}},{"start":{"line":133,"column":29},"end":{"line":133,"column":46}}],"line":133},"14":{"loc":{"start":{"line":146,"column":8},"end":{"line":146,"column":null}},"type":"if","locations":[{"start":{"line":146,"column":8},"end":{"line":146,"column":null}},{"start":{},"end":{}}],"line":146},"15":{"loc":{"start":{"line":157,"column":8},"end":{"line":157,"column":null}},"type":"if","locations":[{"start":{"line":157,"column":8},"end":{"line":157,"column":null}},{"start":{},"end":{}}],"line":157},"16":{"loc":{"start":{"line":173,"column":4},"end":{"line":189,"column":null}},"type":"if","locations":[{"start":{"line":173,"column":4},"end":{"line":189,"column":null}},{"start":{},"end":{}}],"line":173},"17":{"loc":{"start":{"line":176,"column":17},"end":{"line":177,"column":null}},"type":"binary-expr","locations":[{"start":{"line":176,"column":17},"end":{"line":176,"column":null}},{"start":{"line":177,"column":20},"end":{"line":177,"column":null}}],"line":176},"18":{"loc":{"start":{"line":200,"column":17},"end":{"line":203,"column":null}},"type":"binary-expr","locations":[{"start":{"line":200,"column":17},"end":{"line":200,"column":null}},{"start":{"line":201,"column":20},"end":{"line":203,"column":null}}],"line":200},"19":{"loc":{"start":{"line":216,"column":13},"end":{"line":229,"column":null}},"type":"binary-expr","locations":[{"start":{"line":216,"column":13},"end":{"line":216,"column":null}},{"start":{"line":217,"column":16},"end":{"line":229,"column":null}}],"line":216},"20":{"loc":{"start":{"line":233,"column":13},"end":{"line":240,"column":null}},"type":"binary-expr","locations":[{"start":{"line":233,"column":13},"end":{"line":233,"column":null}},{"start":{"line":234,"column":16},"end":{"line":240,"column":null}}],"line":233},"21":{"loc":{"start":{"line":236,"column":32},"end":{"line":236,"column":null}},"type":"binary-expr","locations":[{"start":{"line":236,"column":32},"end":{"line":236,"column":64}},{"start":{"line":236,"column":64},"end":{"line":236,"column":null}}],"line":236}},"s":{"0":3,"1":23,"2":3,"3":27,"4":23,"5":27,"6":27,"7":27,"8":23,"9":27,"10":3,"11":27,"12":0,"13":27,"14":19,"15":3,"16":31,"17":31,"18":31,"19":31,"20":31,"21":27,"22":27,"23":3,"24":31,"25":93,"26":31,"27":93,"28":31,"29":0,"30":0,"31":0,"32":0,"33":0,"34":0,"35":0,"36":0,"37":0,"38":0,"39":31,"40":0,"41":0,"42":0,"43":0,"44":0,"45":0,"46":0,"47":0,"48":31,"49":0,"50":0,"51":31,"52":0,"53":0,"54":31,"55":0,"56":0,"57":31,"58":0,"59":0,"60":0,"61":0,"62":0,"63":0,"64":31,"65":26,"66":26,"67":0,"68":0,"69":0,"70":0,"71":0,"72":0,"73":0,"74":0,"75":31,"76":3,"77":4,"78":28,"79":0,"80":23,"81":0,"82":0},"f":{"0":23,"1":27,"2":23,"3":23,"4":27,"5":19,"6":31,"7":27,"8":93,"9":93,"10":0,"11":0,"12":0,"13":0,"14":0,"15":0,"16":0,"17":0,"18":0,"19":0,"20":26,"21":0,"22":0,"23":4,"24":0,"25":23,"26":0,"27":0},"b":{"0":[23,23,23],"1":[0,27],"2":[0,27],"3":[0,27],"4":[31],"5":[31],"6":[3,24],"7":[0,0],"8":[0,0],"9":[0,0],"10":[0,0],"11":[0,0],"12":[0,0],"13":[0,0],"14":[0,0],"15":[26,0],"16":[3,28],"17":[3,1],"18":[28,7],"19":[31,0],"20":[31,0],"21":[0,0]},"meta":{"lastBranch":22,"lastFunction":28,"lastStatement":83,"seen":{"s:28:17:28:Infinity":0,"f:28:17:28:18":0,"s:28:37:28:Infinity":1,"b:28:37:28:57:28:57:28:79:28:79:28:Infinity":0,"s:30:25:36:Infinity":2,"f:30:25:30:26":1,"s:31:29:31:Infinity":3,"f:31:44:31:49":2,"s:31:49:31:69":4,"s:32:10:32:Infinity":5,"b:32:56:32:60:32:60:32:66":1,"b:32:92:32:96:32:96:32:Infinity":2,"s:33:23:33:Infinity":6,"s:34:26:34:Infinity":7,"f:34:41:34:46":3,"s:34:46:34:58":8,"s:35:4:35:Infinity":9,"s:38:23:41:Infinity":10,"f:38:23:38:24":4,"b:39:4:39:Infinity:undefined:undefined:undefined:undefined":3,"s:39:4:39:Infinity":11,"s:39:31:39:Infinity":12,"s:40:4:40:Infinity":13,"f:40:19:40:20":5,"s:40:33:40:47":14,"s:60:61:244:Infinity":15,"f:60:61:60:62":6,"b:61:14:61:Infinity":4,"b:62:20:62:Infinity":5,"s:68:32:68:Infinity":16,"s:69:42:69:Infinity":17,"s:70:10:70:Infinity":18,"s:71:40:71:Infinity":19,"s:76:4:81:Infinity":20,"f:76:14:76:20":7,"s:77:27:77:Infinity":21,"b:78:8:80:Infinity:undefined:undefined:undefined:undefined":6,"s:78:8:80:Infinity":22,"s:79:12:79:Infinity":23,"s:86:21:86:Infinity":24,"f:86:44:86:51":8,"s:86:51:86:72":25,"s:87:23:87:Infinity":26,"f:87:46:87:53":9,"s:87:53:87:74":27,"s:93:10:106:Infinity":28,"f:93:36:93:37":10,"s:94:29:94:Infinity":29,"s:95:27:95:Infinity":30,"f:95:42:95:47":11,"s:95:47:95:59":31,"s:96:26:96:Infinity":32,"s:97:8:97:Infinity":33,"b:99:8:105:Infinity:undefined:undefined:undefined:undefined":7,"s:99:8:105:Infinity":34,"s:100:35:100:Infinity":35,"s:101:12:103:Infinity":36,"f:101:56:101:63":12,"s:102:16:102:Infinity":37,"s:104:12:104:Infinity":38,"s:108:10:120:Infinity":39,"f:108:37:108:38":13,"b:109:8:119:Infinity:117:15:119:Infinity":8,"s:109:8:119:Infinity":40,"s:110:12:110:Infinity":41,"f:110:36:110:41":14,"s:110:41:110:53":42,"b:112:12:116:Infinity:undefined:undefined:undefined:undefined":9,"s:112:12:116:Infinity":43,"b:112:16:112:69:112:69:112:86":10,"s:113:35:113:Infinity":44,"s:114:16:114:Infinity":45,"s:115:16:115:Infinity":46,"s:118:12:118:Infinity":47,"s:122:10:126:Infinity":48,"f:122:40:122:41":15,"b:123:8:125:Infinity:undefined:undefined:undefined:undefined":11,"s:123:8:125:Infinity":49,"s:124:12:124:Infinity":50,"s:128:10:130:Infinity":51,"f:128:37:128:38":16,"s:129:8:129:Infinity":52,"f:129:32:129:37":17,"s:129:37:129:49":53,"s:132:10:139:Infinity":54,"f:132:47:132:48":18,"b:133:8:138:Infinity:undefined:undefined:undefined:undefined":12,"s:133:8:138:Infinity":55,"b:133:12:133:29:133:29:133:46":13,"s:134:12:137:Infinity":56,"s:145:10:154:Infinity":57,"f:145:43:145:49":19,"b:146:8:146:Infinity:undefined:undefined:undefined:undefined":14,"s:146:8:146:Infinity":58,"s:146:32:146:Infinity":59,"s:147:21:147:Infinity":60,"s:148:22:148:Infinity":61,"s:149:21:149:Infinity":62,"s:150:8:153:Infinity":63,"s:156:4:166:Infinity":64,"f:156:14:156:20":20,"b:157:8:157:Infinity:undefined:undefined:undefined:undefined":15,"s:157:8:157:Infinity":65,"s:157:23:157:Infinity":66,"s:158:8:158:Infinity":67,"s:159:23:159:Infinity":68,"f:159:23:159:29":21,"s:159:29:159:Infinity":69,"s:160:8:160:Infinity":70,"s:161:8:161:Infinity":71,"s:162:8:165:Infinity":72,"f:162:15:162:21":22,"s:163:12:163:Infinity":73,"s:164:12:164:Infinity":74,"b:173:4:189:Infinity:undefined:undefined:undefined:undefined":16,"s:173:4:189:Infinity":75,"s:174:8:187:Infinity":76,"b:176:17:176:Infinity:177:20:177:Infinity":17,"f:179:29:179:30":23,"s:180:20:185:Infinity":77,"s:191:4:242:Infinity":78,"f:197:25:197:31":24,"s:197:31:197:Infinity":79,"b:200:17:200:Infinity:201:20:203:Infinity":18,"f:205:29:205:30":25,"s:206:20:211:Infinity":80,"b:216:13:216:Infinity:217:16:229:Infinity":19,"f:223:29:223:35":26,"s:223:35:223:Infinity":81,"b:233:13:233:Infinity:234:16:240:Infinity":20,"b:236:32:236:64:236:64:236:Infinity":21,"f:239:29:239:35":27,"s:239:35:239:Infinity":82}}}
,"/Users/danielopazodamiani/Downloads/HHRGithub20Dic-main/components/census/PatientRow.tsx": {"path":"/Users/danielopazodamiani/Downloads/HHRGithub20Dic-main/components/census/PatientRow.tsx","statementMap":{"0":{"start":{"line":24,"column":55},"end":{"line":279,"column":null}},"1":{"start":{"line":25,"column":97},"end":{"line":25,"column":null}},"2":{"start":{"line":26,"column":27},"end":{"line":26,"column":null}},"3":{"start":{"line":27,"column":22},"end":{"line":27,"column":null}},"4":{"start":{"line":28,"column":48},"end":{"line":28,"column":null}},"5":{"start":{"line":29,"column":56},"end":{"line":29,"column":null}},"6":{"start":{"line":32,"column":23},"end":{"line":32,"column":null}},"7":{"start":{"line":33,"column":25},"end":{"line":33,"column":null}},"8":{"start":{"line":34,"column":28},"end":{"line":34,"column":null}},"9":{"start":{"line":37,"column":20},"end":{"line":37,"column":null}},"10":{"start":{"line":40,"column":10},"end":{"line":42,"column":null}},"11":{"start":{"line":40,"column":71},"end":{"line":42,"column":7}},"12":{"start":{"line":41,"column":8},"end":{"line":41,"column":null}},"13":{"start":{"line":44,"column":10},"end":{"line":46,"column":null}},"14":{"start":{"line":44,"column":75},"end":{"line":46,"column":7}},"15":{"start":{"line":45,"column":8},"end":{"line":45,"column":null}},"16":{"start":{"line":48,"column":10},"end":{"line":50,"column":null}},"17":{"start":{"line":49,"column":8},"end":{"line":49,"column":null}},"18":{"start":{"line":52,"column":10},"end":{"line":54,"column":null}},"19":{"start":{"line":53,"column":8},"end":{"line":53,"column":null}},"20":{"start":{"line":60,"column":10},"end":{"line":62,"column":null}},"21":{"start":{"line":61,"column":8},"end":{"line":61,"column":null}},"22":{"start":{"line":64,"column":10},"end":{"line":67,"column":null}},"23":{"start":{"line":65,"column":24},"end":{"line":65,"column":null}},"24":{"start":{"line":66,"column":8},"end":{"line":66,"column":null}},"25":{"start":{"line":70,"column":10},"end":{"line":72,"column":null}},"26":{"start":{"line":70,"column":75},"end":{"line":72,"column":7}},"27":{"start":{"line":71,"column":8},"end":{"line":71,"column":null}},"28":{"start":{"line":74,"column":10},"end":{"line":76,"column":null}},"29":{"start":{"line":74,"column":79},"end":{"line":76,"column":7}},"30":{"start":{"line":75,"column":8},"end":{"line":75,"column":null}},"31":{"start":{"line":78,"column":10},"end":{"line":80,"column":null}},"32":{"start":{"line":79,"column":8},"end":{"line":79,"column":null}},"33":{"start":{"line":82,"column":10},"end":{"line":84,"column":null}},"34":{"start":{"line":83,"column":8},"end":{"line":83,"column":null}},"35":{"start":{"line":89,"column":10},"end":{"line":91,"column":null}},"36":{"start":{"line":90,"column":8},"end":{"line":90,"column":null}},"37":{"start":{"line":94,"column":10},"end":{"line":107,"column":null}},"38":{"start":{"line":95,"column":8},"end":{"line":105,"column":null}},"39":{"start":{"line":96,"column":30},"end":{"line":102,"column":null}},"40":{"start":{"line":103,"column":12},"end":{"line":103,"column":null}},"41":{"start":{"line":103,"column":28},"end":{"line":103,"column":null}},"42":{"start":{"line":104,"column":12},"end":{"line":104,"column":null}},"43":{"start":{"line":106,"column":8},"end":{"line":106,"column":null}},"44":{"start":{"line":109,"column":10},"end":{"line":131,"column":null}},"45":{"start":{"line":110,"column":8},"end":{"line":113,"column":null}},"46":{"start":{"line":111,"column":12},"end":{"line":111,"column":null}},"47":{"start":{"line":112,"column":12},"end":{"line":112,"column":null}},"48":{"start":{"line":115,"column":8},"end":{"line":128,"column":null}},"49":{"start":{"line":116,"column":30},"end":{"line":122,"column":null}},"50":{"start":{"line":123,"column":12},"end":{"line":126,"column":null}},"51":{"start":{"line":124,"column":16},"end":{"line":124,"column":null}},"52":{"start":{"line":125,"column":16},"end":{"line":125,"column":null}},"53":{"start":{"line":127,"column":12},"end":{"line":127,"column":null}},"54":{"start":{"line":130,"column":8},"end":{"line":130,"column":null}},"55":{"start":{"line":133,"column":10},"end":{"line":139,"column":null}},"56":{"start":{"line":134,"column":8},"end":{"line":138,"column":null}},"57":{"start":{"line":135,"column":12},"end":{"line":135,"column":null}},"58":{"start":{"line":137,"column":12},"end":{"line":137,"column":null}},"59":{"start":{"line":141,"column":10},"end":{"line":143,"column":null}},"60":{"start":{"line":142,"column":8},"end":{"line":142,"column":null}},"61":{"start":{"line":145,"column":4},"end":{"line":277,"column":null}},"62":{"start":{"line":159,"column":50},"end":{"line":159,"column":null}},"63":{"start":{"line":179,"column":54},"end":{"line":179,"column":null}},"64":{"start":{"line":180,"column":50},"end":{"line":180,"column":null}},"65":{"start":{"line":217,"column":38},"end":{"line":217,"column":null}},"66":{"start":{"line":232,"column":47},"end":{"line":232,"column":null}},"67":{"start":{"line":255,"column":38},"end":{"line":255,"column":null}},"68":{"start":{"line":264,"column":31},"end":{"line":264,"column":null}},"69":{"start":{"line":272,"column":35},"end":{"line":272,"column":null}},"70":{"start":{"line":282,"column":26},"end":{"line":282,"column":null}}},"fnMap":{"0":{"name":"(anonymous_0)","decl":{"start":{"line":24,"column":55},"end":{"line":24,"column":56}},"loc":{"start":{"line":24,"column":164},"end":{"line":279,"column":null}},"line":24},"1":{"name":"(anonymous_1)","decl":{"start":{"line":40,"column":41},"end":{"line":40,"column":42}},"loc":{"start":{"line":40,"column":71},"end":{"line":42,"column":7}},"line":40},"2":{"name":"(anonymous_2)","decl":{"start":{"line":40,"column":71},"end":{"line":40,"column":72}},"loc":{"start":{"line":40,"column":135},"end":{"line":42,"column":7}},"line":40},"3":{"name":"(anonymous_3)","decl":{"start":{"line":44,"column":45},"end":{"line":44,"column":46}},"loc":{"start":{"line":44,"column":75},"end":{"line":46,"column":7}},"line":44},"4":{"name":"(anonymous_4)","decl":{"start":{"line":44,"column":75},"end":{"line":44,"column":76}},"loc":{"start":{"line":44,"column":119},"end":{"line":46,"column":7}},"line":44},"5":{"name":"(anonymous_5)","decl":{"start":{"line":48,"column":44},"end":{"line":48,"column":45}},"loc":{"start":{"line":48,"column":70},"end":{"line":50,"column":7}},"line":48},"6":{"name":"(anonymous_6)","decl":{"start":{"line":52,"column":50},"end":{"line":52,"column":51}},"loc":{"start":{"line":52,"column":78},"end":{"line":54,"column":7}},"line":52},"7":{"name":"(anonymous_7)","decl":{"start":{"line":60,"column":47},"end":{"line":60,"column":48}},"loc":{"start":{"line":60,"column":88},"end":{"line":62,"column":7}},"line":60},"8":{"name":"(anonymous_8)","decl":{"start":{"line":64,"column":43},"end":{"line":64,"column":49}},"loc":{"start":{"line":64,"column":49},"end":{"line":67,"column":7}},"line":64},"9":{"name":"(anonymous_9)","decl":{"start":{"line":70,"column":45},"end":{"line":70,"column":46}},"loc":{"start":{"line":70,"column":75},"end":{"line":72,"column":7}},"line":70},"10":{"name":"(anonymous_10)","decl":{"start":{"line":70,"column":75},"end":{"line":70,"column":76}},"loc":{"start":{"line":70,"column":139},"end":{"line":72,"column":7}},"line":70},"11":{"name":"(anonymous_11)","decl":{"start":{"line":74,"column":49},"end":{"line":74,"column":50}},"loc":{"start":{"line":74,"column":79},"end":{"line":76,"column":7}},"line":74},"12":{"name":"(anonymous_12)","decl":{"start":{"line":74,"column":79},"end":{"line":74,"column":80}},"loc":{"start":{"line":74,"column":123},"end":{"line":76,"column":7}},"line":74},"13":{"name":"(anonymous_13)","decl":{"start":{"line":78,"column":48},"end":{"line":78,"column":49}},"loc":{"start":{"line":78,"column":74},"end":{"line":80,"column":7}},"line":78},"14":{"name":"(anonymous_14)","decl":{"start":{"line":82,"column":54},"end":{"line":82,"column":55}},"loc":{"start":{"line":82,"column":82},"end":{"line":84,"column":7}},"line":82},"15":{"name":"(anonymous_15)","decl":{"start":{"line":89,"column":51},"end":{"line":89,"column":52}},"loc":{"start":{"line":89,"column":92},"end":{"line":91,"column":7}},"line":89},"16":{"name":"(anonymous_16)","decl":{"start":{"line":94,"column":38},"end":{"line":94,"column":50}},"loc":{"start":{"line":94,"column":50},"end":{"line":107,"column":7}},"line":94},"17":{"name":"(anonymous_17)","decl":{"start":{"line":109,"column":44},"end":{"line":109,"column":56}},"loc":{"start":{"line":109,"column":56},"end":{"line":131,"column":7}},"line":109},"18":{"name":"(anonymous_18)","decl":{"start":{"line":133,"column":43},"end":{"line":133,"column":49}},"loc":{"start":{"line":133,"column":49},"end":{"line":139,"column":7}},"line":133},"19":{"name":"(anonymous_19)","decl":{"start":{"line":141,"column":37},"end":{"line":141,"column":38}},"loc":{"start":{"line":141,"column":103},"end":{"line":143,"column":7}},"line":141},"20":{"name":"(anonymous_20)","decl":{"start":{"line":159,"column":44},"end":{"line":159,"column":50}},"loc":{"start":{"line":159,"column":50},"end":{"line":159,"column":null}},"line":159},"21":{"name":"(anonymous_21)","decl":{"start":{"line":179,"column":42},"end":{"line":179,"column":43}},"loc":{"start":{"line":179,"column":54},"end":{"line":179,"column":null}},"line":179},"22":{"name":"(anonymous_22)","decl":{"start":{"line":180,"column":44},"end":{"line":180,"column":50}},"loc":{"start":{"line":180,"column":50},"end":{"line":180,"column":null}},"line":180},"23":{"name":"(anonymous_23)","decl":{"start":{"line":217,"column":32},"end":{"line":217,"column":38}},"loc":{"start":{"line":217,"column":38},"end":{"line":217,"column":null}},"line":217},"24":{"name":"(anonymous_24)","decl":{"start":{"line":232,"column":41},"end":{"line":232,"column":47}},"loc":{"start":{"line":232,"column":47},"end":{"line":232,"column":null}},"line":232},"25":{"name":"(anonymous_25)","decl":{"start":{"line":255,"column":32},"end":{"line":255,"column":38}},"loc":{"start":{"line":255,"column":38},"end":{"line":255,"column":null}},"line":255},"26":{"name":"(anonymous_26)","decl":{"start":{"line":264,"column":25},"end":{"line":264,"column":31}},"loc":{"start":{"line":264,"column":31},"end":{"line":264,"column":null}},"line":264},"27":{"name":"(anonymous_27)","decl":{"start":{"line":272,"column":29},"end":{"line":272,"column":35}},"loc":{"start":{"line":272,"column":35},"end":{"line":272,"column":null}},"line":272}},"branchMap":{"0":{"loc":{"start":{"line":24,"column":116},"end":{"line":24,"column":134}},"type":"default-arg","locations":[{"start":{"line":24,"column":127},"end":{"line":24,"column":134}}],"line":24},"1":{"loc":{"start":{"line":24,"column":134},"end":{"line":24,"column":158}},"type":"default-arg","locations":[{"start":{"line":24,"column":152},"end":{"line":24,"column":158}}],"line":24},"2":{"loc":{"start":{"line":33,"column":25},"end":{"line":33,"column":null}},"type":"binary-expr","locations":[{"start":{"line":33,"column":25},"end":{"line":33,"column":50}},{"start":{"line":33,"column":50},"end":{"line":33,"column":null}}],"line":33},"3":{"loc":{"start":{"line":34,"column":31},"end":{"line":34,"column":null}},"type":"binary-expr","locations":[{"start":{"line":34,"column":31},"end":{"line":34,"column":52}},{"start":{"line":34,"column":52},"end":{"line":34,"column":null}}],"line":34},"4":{"loc":{"start":{"line":65,"column":24},"end":{"line":65,"column":null}},"type":"cond-expr","locations":[{"start":{"line":65,"column":60},"end":{"line":65,"column":68}},{"start":{"line":65,"column":68},"end":{"line":65,"column":null}}],"line":65},"5":{"loc":{"start":{"line":95,"column":8},"end":{"line":105,"column":null}},"type":"if","locations":[{"start":{"line":95,"column":8},"end":{"line":105,"column":null}},{"start":{},"end":{}}],"line":95},"6":{"loc":{"start":{"line":95,"column":12},"end":{"line":95,"column":41}},"type":"binary-expr","locations":[{"start":{"line":95,"column":12},"end":{"line":95,"column":27}},{"start":{"line":95,"column":27},"end":{"line":95,"column":41}}],"line":95},"7":{"loc":{"start":{"line":103,"column":12},"end":{"line":103,"column":null}},"type":"if","locations":[{"start":{"line":103,"column":12},"end":{"line":103,"column":null}},{"start":{},"end":{}}],"line":103},"8":{"loc":{"start":{"line":106,"column":41},"end":{"line":106,"column":69}},"type":"cond-expr","locations":[{"start":{"line":106,"column":54},"end":{"line":106,"column":63}},{"start":{"line":106,"column":63},"end":{"line":106,"column":69}}],"line":106},"9":{"loc":{"start":{"line":110,"column":8},"end":{"line":113,"column":null}},"type":"if","locations":[{"start":{"line":110,"column":8},"end":{"line":113,"column":null}},{"start":{},"end":{}}],"line":110},"10":{"loc":{"start":{"line":115,"column":8},"end":{"line":128,"column":null}},"type":"if","locations":[{"start":{"line":115,"column":8},"end":{"line":128,"column":null}},{"start":{},"end":{}}],"line":115},"11":{"loc":{"start":{"line":115,"column":12},"end":{"line":115,"column":46}},"type":"binary-expr","locations":[{"start":{"line":115,"column":12},"end":{"line":115,"column":29}},{"start":{"line":115,"column":29},"end":{"line":115,"column":46}}],"line":115},"12":{"loc":{"start":{"line":123,"column":12},"end":{"line":126,"column":null}},"type":"if","locations":[{"start":{"line":123,"column":12},"end":{"line":126,"column":null}},{"start":{},"end":{}}],"line":123},"13":{"loc":{"start":{"line":134,"column":8},"end":{"line":138,"column":null}},"type":"if","locations":[{"start":{"line":134,"column":8},"end":{"line":138,"column":null}},{"start":{"line":136,"column":15},"end":{"line":138,"column":null}}],"line":134},"14":{"loc":{"start":{"line":151,"column":16},"end":{"line":151,"column":null}},"type":"cond-expr","locations":[{"start":{"line":151,"column":28},"end":{"line":151,"column":47}},{"start":{"line":151,"column":47},"end":{"line":151,"column":null}}],"line":151},"15":{"loc":{"start":{"line":188,"column":24},"end":{"line":190,"column":null}},"type":"cond-expr","locations":[{"start":{"line":189,"column":30},"end":{"line":189,"column":null}},{"start":{"line":190,"column":30},"end":{"line":190,"column":null}}],"line":188},"16":{"loc":{"start":{"line":197,"column":17},"end":{"line":219,"column":null}},"type":"cond-expr","locations":[{"start":{"line":198,"column":20},"end":{"line":204,"column":null}},{"start":{"line":206,"column":20},"end":{"line":219,"column":null}}],"line":197},"17":{"loc":{"start":{"line":202,"column":29},"end":{"line":202,"column":null}},"type":"binary-expr","locations":[{"start":{"line":202,"column":29},"end":{"line":202,"column":51}},{"start":{"line":202,"column":51},"end":{"line":202,"column":null}}],"line":202},"18":{"loc":{"start":{"line":224,"column":13},"end":{"line":258,"column":null}},"type":"binary-expr","locations":[{"start":{"line":224,"column":13},"end":{"line":224,"column":34}},{"start":{"line":224,"column":34},"end":{"line":224,"column":null}},{"start":{"line":225,"column":16},"end":{"line":258,"column":null}}],"line":224},"19":{"loc":{"start":{"line":269,"column":13},"end":{"line":275,"column":null}},"type":"binary-expr","locations":[{"start":{"line":269,"column":13},"end":{"line":269,"column":null}},{"start":{"line":270,"column":16},"end":{"line":275,"column":null}}],"line":269}},"s":{"0":2,"1":24,"2":24,"3":24,"4":24,"5":24,"6":24,"7":24,"8":24,"9":24,"10":24,"11":45,"12":2,"13":24,"14":44,"15":1,"16":24,"17":1,"18":24,"19":0,"20":24,"21":1,"22":24,"23":0,"24":0,"25":24,"26":8,"27":0,"28":24,"29":8,"30":0,"31":24,"32":0,"33":24,"34":0,"35":24,"36":0,"37":24,"38":1,"39":0,"40":0,"41":0,"42":0,"43":1,"44":24,"45":2,"46":1,"47":1,"48":1,"49":0,"50":0,"51":0,"52":0,"53":0,"54":1,"55":24,"56":2,"57":1,"58":1,"59":24,"60":4,"61":24,"62":1,"63":0,"64":0,"65":0,"66":1,"67":0,"68":1,"69":0,"70":2},"f":{"0":24,"1":45,"2":2,"3":44,"4":1,"5":1,"6":0,"7":1,"8":0,"9":8,"10":0,"11":8,"12":0,"13":0,"14":0,"15":0,"16":1,"17":2,"18":2,"19":4,"20":1,"21":0,"22":0,"23":0,"24":1,"25":0,"26":1,"27":0},"b":{"0":[24],"1":[24],"2":[24,24],"3":[24,4],"4":[0,0],"5":[0,1],"6":[1,1],"7":[0,0],"8":[0,1],"9":[1,1],"10":[0,1],"11":[1,1],"12":[0,0],"13":[1,1],"14":[2,22],"15":[24,0],"16":[2,22],"17":[2,2],"18":[24,4,4],"19":[24,4]},"meta":{"lastBranch":20,"lastFunction":28,"lastStatement":71,"seen":{"s:24:55:279:Infinity":0,"f:24:55:24:56":0,"b:24:127:24:134":0,"b:24:152:24:158":1,"s:25:97:25:Infinity":1,"s:26:27:26:Infinity":2,"s:27:22:27:Infinity":3,"s:28:48:28:Infinity":4,"s:29:56:29:Infinity":5,"s:32:23:32:Infinity":6,"s:33:25:33:Infinity":7,"b:33:25:33:50:33:50:33:Infinity":2,"s:34:28:34:Infinity":8,"b:34:31:34:52:34:52:34:Infinity":3,"s:37:20:37:Infinity":9,"s:40:10:42:Infinity":10,"f:40:41:40:42":1,"s:40:71:42:7":11,"f:40:71:40:72":2,"s:41:8:41:Infinity":12,"s:44:10:46:Infinity":13,"f:44:45:44:46":3,"s:44:75:46:7":14,"f:44:75:44:76":4,"s:45:8:45:Infinity":15,"s:48:10:50:Infinity":16,"f:48:44:48:45":5,"s:49:8:49:Infinity":17,"s:52:10:54:Infinity":18,"f:52:50:52:51":6,"s:53:8:53:Infinity":19,"s:60:10:62:Infinity":20,"f:60:47:60:48":7,"s:61:8:61:Infinity":21,"s:64:10:67:Infinity":22,"f:64:43:64:49":8,"s:65:24:65:Infinity":23,"b:65:60:65:68:65:68:65:Infinity":4,"s:66:8:66:Infinity":24,"s:70:10:72:Infinity":25,"f:70:45:70:46":9,"s:70:75:72:7":26,"f:70:75:70:76":10,"s:71:8:71:Infinity":27,"s:74:10:76:Infinity":28,"f:74:49:74:50":11,"s:74:79:76:7":29,"f:74:79:74:80":12,"s:75:8:75:Infinity":30,"s:78:10:80:Infinity":31,"f:78:48:78:49":13,"s:79:8:79:Infinity":32,"s:82:10:84:Infinity":33,"f:82:54:82:55":14,"s:83:8:83:Infinity":34,"s:89:10:91:Infinity":35,"f:89:51:89:52":15,"s:90:8:90:Infinity":36,"s:94:10:107:Infinity":37,"f:94:38:94:50":16,"b:95:8:105:Infinity:undefined:undefined:undefined:undefined":5,"s:95:8:105:Infinity":38,"b:95:12:95:27:95:27:95:41":6,"s:96:30:102:Infinity":39,"b:103:12:103:Infinity:undefined:undefined:undefined:undefined":7,"s:103:12:103:Infinity":40,"s:103:28:103:Infinity":41,"s:104:12:104:Infinity":42,"s:106:8:106:Infinity":43,"b:106:54:106:63:106:63:106:69":8,"s:109:10:131:Infinity":44,"f:109:44:109:56":17,"b:110:8:113:Infinity:undefined:undefined:undefined:undefined":9,"s:110:8:113:Infinity":45,"s:111:12:111:Infinity":46,"s:112:12:112:Infinity":47,"b:115:8:128:Infinity:undefined:undefined:undefined:undefined":10,"s:115:8:128:Infinity":48,"b:115:12:115:29:115:29:115:46":11,"s:116:30:122:Infinity":49,"b:123:12:126:Infinity:undefined:undefined:undefined:undefined":12,"s:123:12:126:Infinity":50,"s:124:16:124:Infinity":51,"s:125:16:125:Infinity":52,"s:127:12:127:Infinity":53,"s:130:8:130:Infinity":54,"s:133:10:139:Infinity":55,"f:133:43:133:49":18,"b:134:8:138:Infinity:136:15:138:Infinity":13,"s:134:8:138:Infinity":56,"s:135:12:135:Infinity":57,"s:137:12:137:Infinity":58,"s:141:10:143:Infinity":59,"f:141:37:141:38":19,"s:142:8:142:Infinity":60,"s:145:4:277:Infinity":61,"b:151:28:151:47:151:47:151:Infinity":14,"f:159:44:159:50":20,"s:159:50:159:Infinity":62,"f:179:42:179:43":21,"s:179:54:179:Infinity":63,"f:180:44:180:50":22,"s:180:50:180:Infinity":64,"b:189:30:189:Infinity:190:30:190:Infinity":15,"b:198:20:204:Infinity:206:20:219:Infinity":16,"b:202:29:202:51:202:51:202:Infinity":17,"f:217:32:217:38":23,"s:217:38:217:Infinity":65,"b:224:13:224:34:224:34:224:Infinity:225:16:258:Infinity":18,"f:232:41:232:47":24,"s:232:47:232:Infinity":66,"f:255:32:255:38":25,"s:255:38:255:Infinity":67,"f:264:25:264:31":26,"s:264:31:264:Infinity":68,"b:269:13:269:Infinity:270:16:275:Infinity":19,"f:272:29:272:35":27,"s:272:35:272:Infinity":69,"s:282:26:282:Infinity":70}}}
,"/Users/danielopazodamiani/Downloads/HHRGithub20Dic-main/components/census/patient-row/PatientActionMenu.tsx": {"path":"/Users/danielopazodamiani/Downloads/HHRGithub20Dic-main/components/census/patient-row/PatientActionMenu.tsx","statementMap":{"0":{"start":{"line":13,"column":67},"end":{"line":83,"column":null}},"1":{"start":{"line":20,"column":32},"end":{"line":20,"column":null}},"2":{"start":{"line":22,"column":23},"end":{"line":22,"column":null}},"3":{"start":{"line":22,"column":29},"end":{"line":22,"column":null}},"4":{"start":{"line":24,"column":29},"end":{"line":27,"column":null}},"5":{"start":{"line":25,"column":8},"end":{"line":25,"column":null}},"6":{"start":{"line":26,"column":8},"end":{"line":26,"column":null}},"7":{"start":{"line":29,"column":4},"end":{"line":81,"column":null}},"8":{"start":{"line":52,"column":71},"end":{"line":52,"column":91}},"9":{"start":{"line":57,"column":47},"end":{"line":57,"column":74}},"10":{"start":{"line":63,"column":55},"end":{"line":63,"column":81}},"11":{"start":{"line":66,"column":55},"end":{"line":66,"column":81}},"12":{"start":{"line":70,"column":55},"end":{"line":70,"column":86}},"13":{"start":{"line":73,"column":55},"end":{"line":73,"column":85}}},"fnMap":{"0":{"name":"(anonymous_0)","decl":{"start":{"line":13,"column":67},"end":{"line":13,"column":68}},"loc":{"start":{"line":19,"column":6},"end":{"line":83,"column":null}},"line":19},"1":{"name":"(anonymous_1)","decl":{"start":{"line":22,"column":23},"end":{"line":22,"column":29}},"loc":{"start":{"line":22,"column":29},"end":{"line":22,"column":null}},"line":22},"2":{"name":"(anonymous_2)","decl":{"start":{"line":24,"column":29},"end":{"line":24,"column":30}},"loc":{"start":{"line":24,"column":95},"end":{"line":27,"column":null}},"line":24},"3":{"name":"(anonymous_3)","decl":{"start":{"line":52,"column":65},"end":{"line":52,"column":71}},"loc":{"start":{"line":52,"column":71},"end":{"line":52,"column":91}},"line":52},"4":{"name":"(anonymous_4)","decl":{"start":{"line":57,"column":41},"end":{"line":57,"column":47}},"loc":{"start":{"line":57,"column":47},"end":{"line":57,"column":74}},"line":57},"5":{"name":"(anonymous_5)","decl":{"start":{"line":63,"column":49},"end":{"line":63,"column":55}},"loc":{"start":{"line":63,"column":55},"end":{"line":63,"column":81}},"line":63},"6":{"name":"(anonymous_6)","decl":{"start":{"line":66,"column":49},"end":{"line":66,"column":55}},"loc":{"start":{"line":66,"column":55},"end":{"line":66,"column":81}},"line":66},"7":{"name":"(anonymous_7)","decl":{"start":{"line":70,"column":49},"end":{"line":70,"column":55}},"loc":{"start":{"line":70,"column":55},"end":{"line":70,"column":86}},"line":70},"8":{"name":"(anonymous_8)","decl":{"start":{"line":73,"column":49},"end":{"line":73,"column":55}},"loc":{"start":{"line":73,"column":55},"end":{"line":73,"column":85}},"line":73}},"branchMap":{"0":{"loc":{"start":{"line":17,"column":4},"end":{"line":17,"column":null}},"type":"default-arg","locations":[{"start":{"line":17,"column":15},"end":{"line":17,"column":null}}],"line":17},"1":{"loc":{"start":{"line":18,"column":4},"end":{"line":18,"column":null}},"type":"default-arg","locations":[{"start":{"line":18,"column":12},"end":{"line":18,"column":null}}],"line":18},"2":{"loc":{"start":{"line":31,"column":13},"end":{"line":38,"column":null}},"type":"binary-expr","locations":[{"start":{"line":31,"column":13},"end":{"line":31,"column":null}},{"start":{"line":32,"column":16},"end":{"line":38,"column":null}}],"line":31},"3":{"loc":{"start":{"line":40,"column":13},"end":{"line":47,"column":null}},"type":"binary-expr","locations":[{"start":{"line":40,"column":13},"end":{"line":40,"column":null}},{"start":{"line":41,"column":16},"end":{"line":47,"column":null}}],"line":40},"4":{"loc":{"start":{"line":50,"column":13},"end":{"line":79,"column":null}},"type":"binary-expr","locations":[{"start":{"line":50,"column":13},"end":{"line":50,"column":null}},{"start":{"line":51,"column":16},"end":{"line":79,"column":null}}],"line":50},"5":{"loc":{"start":{"line":55,"column":24},"end":{"line":55,"column":null}},"type":"cond-expr","locations":[{"start":{"line":55,"column":42},"end":{"line":55,"column":52}},{"start":{"line":55,"column":52},"end":{"line":55,"column":null}}],"line":55},"6":{"loc":{"start":{"line":60,"column":25},"end":{"line":76,"column":null}},"type":"binary-expr","locations":[{"start":{"line":60,"column":25},"end":{"line":60,"column":null}},{"start":{"line":61,"column":28},"end":{"line":76,"column":null}}],"line":60}},"s":{"0":2,"1":34,"2":34,"3":5,"4":34,"5":4,"6":4,"7":34,"8":1,"9":0,"10":1,"11":1,"12":1,"13":1},"f":{"0":34,"1":5,"2":4,"3":1,"4":0,"5":1,"6":1,"7":1,"8":1},"b":{"0":[34],"1":[34],"2":[34,32],"3":[34,34],"4":[34,5],"5":[5,0],"6":[5,5]},"meta":{"lastBranch":7,"lastFunction":9,"lastStatement":14,"seen":{"s:13:67:83:Infinity":0,"f:13:67:13:68":0,"b:17:15:17:Infinity":0,"b:18:12:18:Infinity":1,"s:20:32:20:Infinity":1,"s:22:23:22:Infinity":2,"f:22:23:22:29":1,"s:22:29:22:Infinity":3,"s:24:29:27:Infinity":4,"f:24:29:24:30":2,"s:25:8:25:Infinity":5,"s:26:8:26:Infinity":6,"s:29:4:81:Infinity":7,"b:31:13:31:Infinity:32:16:38:Infinity":2,"b:40:13:40:Infinity:41:16:47:Infinity":3,"b:50:13:50:Infinity:51:16:79:Infinity":4,"f:52:65:52:71":3,"s:52:71:52:91":8,"b:55:42:55:52:55:52:55:Infinity":5,"f:57:41:57:47":4,"s:57:47:57:74":9,"b:60:25:60:Infinity:61:28:76:Infinity":6,"f:63:49:63:55":5,"s:63:55:63:81":10,"f:66:49:66:55":6,"s:66:55:66:81":11,"f:70:49:70:55":7,"s:70:55:70:86":12,"f:73:49:73:55":8,"s:73:55:73:85":13}}}
,"/Users/danielopazodamiani/Downloads/HHRGithub20Dic-main/components/census/patient-row/PatientBedConfig.tsx": {"path":"/Users/danielopazodamiani/Downloads/HHRGithub20Dic-main/components/census/patient-row/PatientBedConfig.tsx","statementMap":{"0":{"start":{"line":9,"column":34},"end":{"line":18,"column":null}},"1":{"start":{"line":10,"column":4},"end":{"line":10,"column":null}},"2":{"start":{"line":10,"column":40},"end":{"line":10,"column":null}},"3":{"start":{"line":12,"column":18},"end":{"line":12,"column":null}},"4":{"start":{"line":13,"column":16},"end":{"line":13,"column":null}},"5":{"start":{"line":14,"column":17},"end":{"line":14,"column":null}},"6":{"start":{"line":16,"column":17},"end":{"line":16,"column":null}},"7":{"start":{"line":17,"column":4},"end":{"line":17,"column":null}},"8":{"start":{"line":38,"column":65},"end":{"line":166,"column":null}},"9":{"start":{"line":55,"column":29},"end":{"line":55,"column":null}},"10":{"start":{"line":56,"column":23},"end":{"line":56,"column":null}},"11":{"start":{"line":58,"column":4},"end":{"line":164,"column":null}},"12":{"start":{"line":133,"column":51},"end":{"line":133,"column":null}}},"fnMap":{"0":{"name":"(anonymous_0)","decl":{"start":{"line":9,"column":34},"end":{"line":9,"column":35}},"loc":{"start":{"line":9,"column":99},"end":{"line":18,"column":null}},"line":9},"1":{"name":"(anonymous_1)","decl":{"start":{"line":38,"column":65},"end":{"line":38,"column":66}},"loc":{"start":{"line":54,"column":6},"end":{"line":166,"column":null}},"line":54},"2":{"name":"(anonymous_2)","decl":{"start":{"line":133,"column":45},"end":{"line":133,"column":51}},"loc":{"start":{"line":133,"column":51},"end":{"line":133,"column":null}},"line":133}},"branchMap":{"0":{"loc":{"start":{"line":10,"column":4},"end":{"line":10,"column":null}},"type":"if","locations":[{"start":{"line":10,"column":4},"end":{"line":10,"column":null}},{"start":{},"end":{}}],"line":10},"1":{"loc":{"start":{"line":10,"column":8},"end":{"line":10,"column":40}},"type":"binary-expr","locations":[{"start":{"line":10,"column":8},"end":{"line":10,"column":26}},{"start":{"line":10,"column":26},"end":{"line":10,"column":40}}],"line":10},"2":{"loc":{"start":{"line":17,"column":11},"end":{"line":17,"column":null}},"type":"cond-expr","locations":[{"start":{"line":17,"column":23},"end":{"line":17,"column":30}},{"start":{"line":17,"column":30},"end":{"line":17,"column":null}}],"line":17},"3":{"loc":{"start":{"line":53,"column":4},"end":{"line":53,"column":null}},"type":"default-arg","locations":[{"start":{"line":53,"column":15},"end":{"line":53,"column":null}}],"line":53},"4":{"loc":{"start":{"line":64,"column":21},"end":{"line":64,"column":null}},"type":"binary-expr","locations":[{"start":{"line":64,"column":21},"end":{"line":64,"column":35}},{"start":{"line":64,"column":35},"end":{"line":64,"column":null}}],"line":64},"5":{"loc":{"start":{"line":68,"column":17},"end":{"line":75,"column":null}},"type":"binary-expr","locations":[{"start":{"line":68,"column":17},"end":{"line":68,"column":31}},{"start":{"line":68,"column":31},"end":{"line":68,"column":45}},{"start":{"line":68,"column":45},"end":{"line":68,"column":74}},{"start":{"line":68,"column":74},"end":{"line":68,"column":null}},{"start":{"line":69,"column":20},"end":{"line":75,"column":null}}],"line":68},"6":{"loc":{"start":{"line":79,"column":17},"end":{"line":141,"column":null}},"type":"binary-expr","locations":[{"start":{"line":79,"column":17},"end":{"line":79,"column":31}},{"start":{"line":79,"column":31},"end":{"line":79,"column":51}},{"start":{"line":79,"column":51},"end":{"line":79,"column":null}},{"start":{"line":80,"column":20},"end":{"line":141,"column":null}}],"line":79},"7":{"loc":{"start":{"line":86,"column":32},"end":{"line":88,"column":null}},"type":"cond-expr","locations":[{"start":{"line":87,"column":38},"end":{"line":87,"column":null}},{"start":{"line":88,"column":38},"end":{"line":88,"column":null}}],"line":86},"8":{"loc":{"start":{"line":91,"column":29},"end":{"line":91,"column":null}},"type":"cond-expr","locations":[{"start":{"line":91,"column":42},"end":{"line":91,"column":51}},{"start":{"line":91,"column":51},"end":{"line":91,"column":null}}],"line":91},"9":{"loc":{"start":{"line":99,"column":32},"end":{"line":101,"column":null}},"type":"cond-expr","locations":[{"start":{"line":100,"column":38},"end":{"line":100,"column":null}},{"start":{"line":101,"column":38},"end":{"line":101,"column":null}}],"line":99},"10":{"loc":{"start":{"line":104,"column":29},"end":{"line":104,"column":null}},"type":"cond-expr","locations":[{"start":{"line":104,"column":44},"end":{"line":104,"column":56}},{"start":{"line":104,"column":56},"end":{"line":104,"column":null}}],"line":104},"11":{"loc":{"start":{"line":108,"column":25},"end":{"line":119,"column":null}},"type":"binary-expr","locations":[{"start":{"line":108,"column":25},"end":{"line":108,"column":null}},{"start":{"line":109,"column":28},"end":{"line":119,"column":null}}],"line":108},"12":{"loc":{"start":{"line":113,"column":36},"end":{"line":115,"column":null}},"type":"cond-expr","locations":[{"start":{"line":114,"column":42},"end":{"line":114,"column":null}},{"start":{"line":115,"column":42},"end":{"line":115,"column":null}}],"line":113},"13":{"loc":{"start":{"line":118,"column":33},"end":{"line":118,"column":null}},"type":"cond-expr","locations":[{"start":{"line":118,"column":51},"end":{"line":118,"column":64}},{"start":{"line":118,"column":64},"end":{"line":118,"column":null}}],"line":118},"14":{"loc":{"start":{"line":123,"column":25},"end":{"line":139,"column":null}},"type":"binary-expr","locations":[{"start":{"line":123,"column":25},"end":{"line":123,"column":null}},{"start":{"line":124,"column":28},"end":{"line":139,"column":null}}],"line":123},"15":{"loc":{"start":{"line":145,"column":17},"end":{"line":149,"column":null}},"type":"binary-expr","locations":[{"start":{"line":145,"column":17},"end":{"line":145,"column":38}},{"start":{"line":145,"column":38},"end":{"line":145,"column":null}},{"start":{"line":146,"column":20},"end":{"line":149,"column":null}}],"line":145},"16":{"loc":{"start":{"line":147,"column":25},"end":{"line":147,"column":null}},"type":"binary-expr","locations":[{"start":{"line":147,"column":25},"end":{"line":147,"column":41}},{"start":{"line":147,"column":41},"end":{"line":147,"column":null}}],"line":147},"17":{"loc":{"start":{"line":148,"column":25},"end":{"line":148,"column":null}},"type":"binary-expr","locations":[{"start":{"line":148,"column":25},"end":{"line":148,"column":44}},{"start":{"line":148,"column":44},"end":{"line":148,"column":null}}],"line":148},"18":{"loc":{"start":{"line":154,"column":13},"end":{"line":162,"column":null}},"type":"binary-expr","locations":[{"start":{"line":154,"column":13},"end":{"line":154,"column":null}},{"start":{"line":155,"column":16},"end":{"line":162,"column":null}}],"line":154},"19":{"loc":{"start":{"line":159,"column":27},"end":{"line":159,"column":null}},"type":"binary-expr","locations":[{"start":{"line":159,"column":27},"end":{"line":159,"column":44}},{"start":{"line":159,"column":44},"end":{"line":159,"column":null}}],"line":159}},"s":{"0":2,"1":24,"2":5,"3":19,"4":19,"5":19,"6":19,"7":19,"8":2,"9":24,"10":24,"11":24,"12":0},"f":{"0":24,"1":24,"2":0},"b":{"0":[5,19],"1":[24,19],"2":[19,0],"3":[24],"4":[24,1],"5":[24,22,21,18,13],"6":[24,22,5,5],"7":[1,4],"8":[1,4],"9":[0,5],"10":[0,5],"11":[5,4],"12":[1,3],"13":[1,3],"14":[5,1],"15":[24,19,17],"16":[17,0],"17":[17,3],"18":[24,0],"19":[0,0]},"meta":{"lastBranch":20,"lastFunction":3,"lastStatement":13,"seen":{"s:9:34:18:Infinity":0,"f:9:34:9:35":0,"b:10:4:10:Infinity:undefined:undefined:undefined:undefined":0,"s:10:4:10:Infinity":1,"b:10:8:10:26:10:26:10:40":1,"s:10:40:10:Infinity":2,"s:12:18:12:Infinity":3,"s:13:16:13:Infinity":4,"s:14:17:14:Infinity":5,"s:16:17:16:Infinity":6,"s:17:4:17:Infinity":7,"b:17:23:17:30:17:30:17:Infinity":2,"s:38:65:166:Infinity":8,"f:38:65:38:66":1,"b:53:15:53:Infinity":3,"s:55:29:55:Infinity":9,"s:56:23:56:Infinity":10,"s:58:4:164:Infinity":11,"b:64:21:64:35:64:35:64:Infinity":4,"b:68:17:68:31:68:31:68:45:68:45:68:74:68:74:68:Infinity:69:20:75:Infinity":5,"b:79:17:79:31:79:31:79:51:79:51:79:Infinity:80:20:141:Infinity":6,"b:87:38:87:Infinity:88:38:88:Infinity":7,"b:91:42:91:51:91:51:91:Infinity":8,"b:100:38:100:Infinity:101:38:101:Infinity":9,"b:104:44:104:56:104:56:104:Infinity":10,"b:108:25:108:Infinity:109:28:119:Infinity":11,"b:114:42:114:Infinity:115:42:115:Infinity":12,"b:118:51:118:64:118:64:118:Infinity":13,"b:123:25:123:Infinity:124:28:139:Infinity":14,"f:133:45:133:51":2,"s:133:51:133:Infinity":12,"b:145:17:145:38:145:38:145:Infinity:146:20:149:Infinity":15,"b:147:25:147:41:147:41:147:Infinity":16,"b:148:25:148:44:148:44:148:Infinity":17,"b:154:13:154:Infinity:155:16:162:Infinity":18,"b:159:27:159:44:159:44:159:Infinity":19}}}
,"/Users/danielopazodamiani/Downloads/HHRGithub20Dic-main/components/census/patient-row/PatientInputCells.tsx": {"path":"/Users/danielopazodamiani/Downloads/HHRGithub20Dic-main/components/census/patient-row/PatientInputCells.tsx","statementMap":{"0":{"start":{"line":27,"column":67},"end":{"line":250,"column":null}},"1":{"start":{"line":37,"column":54},"end":{"line":37,"column":null}},"2":{"start":{"line":40,"column":32},"end":{"line":44,"column":null}},"3":{"start":{"line":40,"column":62},"end":{"line":44,"column":null}},"4":{"start":{"line":42,"column":31},"end":{"line":42,"column":null}},"5":{"start":{"line":43,"column":8},"end":{"line":43,"column":null}},"6":{"start":{"line":46,"column":23},"end":{"line":46,"column":null}},"7":{"start":{"line":46,"column":53},"end":{"line":46,"column":null}},"8":{"start":{"line":47,"column":24},"end":{"line":47,"column":null}},"9":{"start":{"line":47,"column":54},"end":{"line":47,"column":null}},"10":{"start":{"line":49,"column":4},"end":{"line":51,"column":null}},"11":{"start":{"line":53,"column":4},"end":{"line":248,"column":null}},"12":{"start":{"line":146,"column":28},"end":{"line":146,"column":null}},"13":{"start":{"line":171,"column":28},"end":{"line":171,"column":null}},"14":{"start":{"line":184,"column":46},"end":{"line":184,"column":null}},"15":{"start":{"line":186,"column":41},"end":{"line":186,"column":null}},"16":{"start":{"line":187,"column":28},"end":{"line":187,"column":null}},"17":{"start":{"line":187,"column":76},"end":{"line":187,"column":null}},"18":{"start":{"line":188,"column":28},"end":{"line":188,"column":null}},"19":{"start":{"line":200,"column":43},"end":{"line":200,"column":null}}},"fnMap":{"0":{"name":"(anonymous_0)","decl":{"start":{"line":27,"column":67},"end":{"line":27,"column":68}},"loc":{"start":{"line":35,"column":6},"end":{"line":250,"column":null}},"line":35},"1":{"name":"(anonymous_1)","decl":{"start":{"line":40,"column":32},"end":{"line":40,"column":33}},"loc":{"start":{"line":40,"column":62},"end":{"line":44,"column":null}},"line":40},"2":{"name":"(anonymous_2)","decl":{"start":{"line":40,"column":62},"end":{"line":40,"column":63}},"loc":{"start":{"line":40,"column":81},"end":{"line":44,"column":null}},"line":40},"3":{"name":"(anonymous_3)","decl":{"start":{"line":46,"column":23},"end":{"line":46,"column":24}},"loc":{"start":{"line":46,"column":53},"end":{"line":46,"column":null}},"line":46},"4":{"name":"(anonymous_4)","decl":{"start":{"line":47,"column":24},"end":{"line":47,"column":25}},"loc":{"start":{"line":47,"column":54},"end":{"line":47,"column":null}},"line":47},"5":{"name":"(anonymous_5)","decl":{"start":{"line":145,"column":47},"end":{"line":145,"column":null}},"loc":{"start":{"line":146,"column":28},"end":{"line":146,"column":null}},"line":146},"6":{"name":"(anonymous_6)","decl":{"start":{"line":170,"column":44},"end":{"line":170,"column":null}},"loc":{"start":{"line":171,"column":28},"end":{"line":171,"column":null}},"line":171},"7":{"name":"(anonymous_7)","decl":{"start":{"line":184,"column":40},"end":{"line":184,"column":46}},"loc":{"start":{"line":184,"column":46},"end":{"line":184,"column":null}},"line":184},"8":{"name":"(anonymous_8)","decl":{"start":{"line":185,"column":32},"end":{"line":185,"column":33}},"loc":{"start":{"line":185,"column":43},"end":{"line":189,"column":null}},"line":185},"9":{"name":"(anonymous_9)","decl":{"start":{"line":200,"column":37},"end":{"line":200,"column":43}},"loc":{"start":{"line":200,"column":43},"end":{"line":200,"column":null}},"line":200}},"branchMap":{"0":{"loc":{"start":{"line":30,"column":4},"end":{"line":30,"column":null}},"type":"default-arg","locations":[{"start":{"line":30,"column":15},"end":{"line":30,"column":null}}],"line":30},"1":{"loc":{"start":{"line":31,"column":4},"end":{"line":31,"column":null}},"type":"default-arg","locations":[{"start":{"line":31,"column":14},"end":{"line":31,"column":null}}],"line":31},"2":{"loc":{"start":{"line":34,"column":4},"end":{"line":34,"column":null}},"type":"default-arg","locations":[{"start":{"line":34,"column":15},"end":{"line":34,"column":null}}],"line":34},"3":{"loc":{"start":{"line":49,"column":4},"end":{"line":51,"column":null}},"type":"if","locations":[{"start":{"line":49,"column":4},"end":{"line":51,"column":null}},{"start":{},"end":{}}],"line":49},"4":{"loc":{"start":{"line":49,"column":8},"end":{"line":49,"column":30}},"type":"binary-expr","locations":[{"start":{"line":49,"column":8},"end":{"line":49,"column":19}},{"start":{"line":49,"column":19},"end":{"line":49,"column":30}}],"line":49},"5":{"loc":{"start":{"line":58,"column":21},"end":{"line":58,"column":null}},"type":"binary-expr","locations":[{"start":{"line":58,"column":21},"end":{"line":58,"column":33}},{"start":{"line":58,"column":33},"end":{"line":58,"column":null}}],"line":58},"6":{"loc":{"start":{"line":63,"column":28},"end":{"line":63,"column":null}},"type":"cond-expr","locations":[{"start":{"line":63,"column":39},"end":{"line":63,"column":80}},{"start":{"line":63,"column":80},"end":{"line":63,"column":null}}],"line":63},"7":{"loc":{"start":{"line":64,"column":28},"end":{"line":64,"column":null}},"type":"binary-expr","locations":[{"start":{"line":64,"column":28},"end":{"line":64,"column":132}},{"start":{"line":64,"column":132},"end":{"line":64,"column":152}},{"start":{"line":64,"column":152},"end":{"line":64,"column":null}}],"line":64},"8":{"loc":{"start":{"line":66,"column":37},"end":{"line":66,"column":null}},"type":"cond-expr","locations":[{"start":{"line":66,"column":48},"end":{"line":66,"column":70}},{"start":{"line":66,"column":70},"end":{"line":66,"column":null}}],"line":66},"9":{"loc":{"start":{"line":66,"column":70},"end":{"line":66,"column":null}},"type":"cond-expr","locations":[{"start":{"line":66,"column":80},"end":{"line":66,"column":85}},{"start":{"line":66,"column":85},"end":{"line":66,"column":null}}],"line":66},"10":{"loc":{"start":{"line":67,"column":31},"end":{"line":67,"column":null}},"type":"binary-expr","locations":[{"start":{"line":67,"column":31},"end":{"line":67,"column":51}},{"start":{"line":67,"column":51},"end":{"line":67,"column":null}}],"line":67},"11":{"loc":{"start":{"line":71,"column":21},"end":{"line":71,"column":null}},"type":"binary-expr","locations":[{"start":{"line":71,"column":21},"end":{"line":71,"column":33}},{"start":{"line":71,"column":33},"end":{"line":71,"column":null}}],"line":71},"12":{"loc":{"start":{"line":77,"column":23},"end":{"line":77,"column":null}},"type":"binary-expr","locations":[{"start":{"line":77,"column":23},"end":{"line":77,"column":35}},{"start":{"line":77,"column":35},"end":{"line":77,"column":null}}],"line":77},"13":{"loc":{"start":{"line":78,"column":30},"end":{"line":78,"column":null}},"type":"binary-expr","locations":[{"start":{"line":78,"column":30},"end":{"line":78,"column":51}},{"start":{"line":78,"column":51},"end":{"line":78,"column":null}}],"line":78},"14":{"loc":{"start":{"line":81,"column":25},"end":{"line":81,"column":null}},"type":"binary-expr","locations":[{"start":{"line":81,"column":25},"end":{"line":81,"column":47}},{"start":{"line":81,"column":47},"end":{"line":81,"column":null}}],"line":81},"15":{"loc":{"start":{"line":85,"column":26},"end":{"line":85,"column":null}},"type":"binary-expr","locations":[{"start":{"line":85,"column":26},"end":{"line":85,"column":106}},{"start":{"line":85,"column":106},"end":{"line":85,"column":null}}],"line":85},"16":{"loc":{"start":{"line":90,"column":17},"end":{"line":104,"column":null}},"type":"cond-expr","locations":[{"start":{"line":91,"column":20},"end":{"line":91,"column":null}},{"start":{"line":93,"column":20},"end":{"line":104,"column":null}}],"line":90},"17":{"loc":{"start":{"line":90,"column":17},"end":{"line":90,"column":null}},"type":"binary-expr","locations":[{"start":{"line":90,"column":17},"end":{"line":90,"column":28}},{"start":{"line":90,"column":28},"end":{"line":90,"column":null}}],"line":90},"18":{"loc":{"start":{"line":97,"column":28},"end":{"line":97,"column":null}},"type":"binary-expr","locations":[{"start":{"line":97,"column":28},"end":{"line":97,"column":40}},{"start":{"line":97,"column":40},"end":{"line":97,"column":null}}],"line":97},"19":{"loc":{"start":{"line":98,"column":28},"end":{"line":98,"column":null}},"type":"binary-expr","locations":[{"start":{"line":98,"column":28},"end":{"line":98,"column":108}},{"start":{"line":98,"column":108},"end":{"line":98,"column":120}},{"start":{"line":98,"column":120},"end":{"line":98,"column":null}}],"line":98},"20":{"loc":{"start":{"line":101,"column":31},"end":{"line":101,"column":null}},"type":"binary-expr","locations":[{"start":{"line":101,"column":31},"end":{"line":101,"column":43}},{"start":{"line":101,"column":43},"end":{"line":101,"column":null}}],"line":101},"21":{"loc":{"start":{"line":110,"column":17},"end":{"line":126,"column":null}},"type":"cond-expr","locations":[{"start":{"line":111,"column":20},"end":{"line":111,"column":null}},{"start":{"line":113,"column":20},"end":{"line":126,"column":null}}],"line":110},"22":{"loc":{"start":{"line":110,"column":17},"end":{"line":110,"column":null}},"type":"binary-expr","locations":[{"start":{"line":110,"column":17},"end":{"line":110,"column":28}},{"start":{"line":110,"column":28},"end":{"line":110,"column":null}}],"line":110},"23":{"loc":{"start":{"line":117,"column":28},"end":{"line":119,"column":null}},"type":"cond-expr","locations":[{"start":{"line":118,"column":34},"end":{"line":118,"column":null}},{"start":{"line":119,"column":34},"end":{"line":119,"column":null}}],"line":117},"24":{"loc":{"start":{"line":117,"column":28},"end":{"line":117,"column":null}},"type":"binary-expr","locations":[{"start":{"line":117,"column":28},"end":{"line":117,"column":126}},{"start":{"line":117,"column":126},"end":{"line":117,"column":null}}],"line":117},"25":{"loc":{"start":{"line":120,"column":28},"end":{"line":120,"column":null}},"type":"binary-expr","locations":[{"start":{"line":120,"column":28},"end":{"line":120,"column":40}},{"start":{"line":120,"column":40},"end":{"line":120,"column":null}}],"line":120},"26":{"loc":{"start":{"line":123,"column":31},"end":{"line":123,"column":null}},"type":"binary-expr","locations":[{"start":{"line":123,"column":31},"end":{"line":123,"column":49}},{"start":{"line":123,"column":49},"end":{"line":123,"column":null}}],"line":123},"27":{"loc":{"start":{"line":132,"column":17},"end":{"line":148,"column":null}},"type":"cond-expr","locations":[{"start":{"line":133,"column":20},"end":{"line":133,"column":null}},{"start":{"line":135,"column":20},"end":{"line":148,"column":null}}],"line":132},"28":{"loc":{"start":{"line":132,"column":17},"end":{"line":132,"column":null}},"type":"binary-expr","locations":[{"start":{"line":132,"column":17},"end":{"line":132,"column":28}},{"start":{"line":132,"column":28},"end":{"line":132,"column":null}}],"line":132},"29":{"loc":{"start":{"line":138,"column":28},"end":{"line":138,"column":null}},"type":"binary-expr","locations":[{"start":{"line":138,"column":28},"end":{"line":138,"column":40}},{"start":{"line":138,"column":40},"end":{"line":138,"column":null}}],"line":138},"30":{"loc":{"start":{"line":140,"column":31},"end":{"line":140,"column":null}},"type":"binary-expr","locations":[{"start":{"line":140,"column":31},"end":{"line":140,"column":49}},{"start":{"line":140,"column":49},"end":{"line":140,"column":null}}],"line":140},"31":{"loc":{"start":{"line":154,"column":17},"end":{"line":173,"column":null}},"type":"cond-expr","locations":[{"start":{"line":155,"column":20},"end":{"line":155,"column":null}},{"start":{"line":157,"column":20},"end":{"line":173,"column":null}}],"line":154},"32":{"loc":{"start":{"line":154,"column":17},"end":{"line":154,"column":null}},"type":"binary-expr","locations":[{"start":{"line":154,"column":17},"end":{"line":154,"column":28}},{"start":{"line":154,"column":28},"end":{"line":154,"column":null}}],"line":154},"33":{"loc":{"start":{"line":160,"column":28},"end":{"line":162,"column":null}},"type":"cond-expr","locations":[{"start":{"line":160,"column":54},"end":{"line":160,"column":null}},{"start":{"line":161,"column":32},"end":{"line":162,"column":null}}],"line":160},"34":{"loc":{"start":{"line":161,"column":32},"end":{"line":162,"column":null}},"type":"cond-expr","locations":[{"start":{"line":161,"column":63},"end":{"line":161,"column":null}},{"start":{"line":162,"column":36},"end":{"line":162,"column":null}}],"line":161},"35":{"loc":{"start":{"line":163,"column":28},"end":{"line":163,"column":null}},"type":"binary-expr","locations":[{"start":{"line":163,"column":28},"end":{"line":163,"column":40}},{"start":{"line":163,"column":40},"end":{"line":163,"column":null}}],"line":163},"36":{"loc":{"start":{"line":165,"column":31},"end":{"line":165,"column":null}},"type":"binary-expr","locations":[{"start":{"line":165,"column":31},"end":{"line":165,"column":46}},{"start":{"line":165,"column":46},"end":{"line":165,"column":null}}],"line":165},"37":{"loc":{"start":{"line":179,"column":17},"end":{"line":213,"column":null}},"type":"cond-expr","locations":[{"start":{"line":180,"column":20},"end":{"line":180,"column":null}},{"start":{"line":182,"column":20},"end":{"line":213,"column":null}}],"line":179},"38":{"loc":{"start":{"line":179,"column":17},"end":{"line":179,"column":null}},"type":"binary-expr","locations":[{"start":{"line":179,"column":17},"end":{"line":179,"column":28}},{"start":{"line":179,"column":28},"end":{"line":179,"column":null}}],"line":179},"39":{"loc":{"start":{"line":187,"column":28},"end":{"line":187,"column":null}},"type":"if","locations":[{"start":{"line":187,"column":28},"end":{"line":187,"column":null}},{"start":{},"end":{}}],"line":187},"40":{"loc":{"start":{"line":187,"column":32},"end":{"line":187,"column":76}},"type":"binary-expr","locations":[{"start":{"line":187,"column":32},"end":{"line":187,"column":40}},{"start":{"line":187,"column":40},"end":{"line":187,"column":76}}],"line":187},"41":{"loc":{"start":{"line":196,"column":32},"end":{"line":196,"column":null}},"type":"binary-expr","locations":[{"start":{"line":196,"column":32},"end":{"line":196,"column":44}},{"start":{"line":196,"column":44},"end":{"line":196,"column":null}}],"line":196},"42":{"loc":{"start":{"line":198,"column":35},"end":{"line":198,"column":null}},"type":"binary-expr","locations":[{"start":{"line":198,"column":35},"end":{"line":198,"column":57}},{"start":{"line":198,"column":57},"end":{"line":198,"column":null}}],"line":198},"43":{"loc":{"start":{"line":203,"column":25},"end":{"line":211,"column":null}},"type":"binary-expr","locations":[{"start":{"line":203,"column":25},"end":{"line":203,"column":null}},{"start":{"line":204,"column":28},"end":{"line":211,"column":null}}],"line":203},"44":{"loc":{"start":{"line":208,"column":39},"end":{"line":208,"column":null}},"type":"binary-expr","locations":[{"start":{"line":208,"column":39},"end":{"line":208,"column":61}},{"start":{"line":208,"column":61},"end":{"line":208,"column":null}}],"line":208},"45":{"loc":{"start":{"line":219,"column":17},"end":{"line":229,"column":null}},"type":"cond-expr","locations":[{"start":{"line":220,"column":20},"end":{"line":220,"column":null}},{"start":{"line":222,"column":20},"end":{"line":229,"column":null}}],"line":219},"46":{"loc":{"start":{"line":219,"column":17},"end":{"line":219,"column":null}},"type":"binary-expr","locations":[{"start":{"line":219,"column":17},"end":{"line":219,"column":28}},{"start":{"line":219,"column":28},"end":{"line":219,"column":null}}],"line":219},"47":{"loc":{"start":{"line":223,"column":33},"end":{"line":223,"column":null}},"type":"binary-expr","locations":[{"start":{"line":223,"column":33},"end":{"line":223,"column":49}},{"start":{"line":223,"column":49},"end":{"line":223,"column":null}}],"line":223},"48":{"loc":{"start":{"line":228,"column":34},"end":{"line":228,"column":null}},"type":"binary-expr","locations":[{"start":{"line":228,"column":34},"end":{"line":228,"column":46}},{"start":{"line":228,"column":46},"end":{"line":228,"column":null}}],"line":228},"49":{"loc":{"start":{"line":234,"column":17},"end":{"line":237,"column":null}},"type":"cond-expr","locations":[{"start":{"line":235,"column":20},"end":{"line":235,"column":null}},{"start":{"line":237,"column":20},"end":{"line":237,"column":null}}],"line":234},"50":{"loc":{"start":{"line":234,"column":17},"end":{"line":234,"column":null}},"type":"binary-expr","locations":[{"start":{"line":234,"column":17},"end":{"line":234,"column":28}},{"start":{"line":234,"column":28},"end":{"line":234,"column":null}}],"line":234},"51":{"loc":{"start":{"line":237,"column":52},"end":{"line":237,"column":88}},"type":"binary-expr","locations":[{"start":{"line":237,"column":52},"end":{"line":237,"column":81}},{"start":{"line":237,"column":81},"end":{"line":237,"column":88}}],"line":237},"52":{"loc":{"start":{"line":242,"column":17},"end":{"line":245,"column":null}},"type":"cond-expr","locations":[{"start":{"line":243,"column":20},"end":{"line":243,"column":null}},{"start":{"line":245,"column":20},"end":{"line":245,"column":null}}],"line":242},"53":{"loc":{"start":{"line":242,"column":17},"end":{"line":242,"column":null}},"type":"binary-expr","locations":[{"start":{"line":242,"column":17},"end":{"line":242,"column":28}},{"start":{"line":242,"column":28},"end":{"line":242,"column":null}}],"line":242},"54":{"loc":{"start":{"line":245,"column":52},"end":{"line":245,"column":73}},"type":"binary-expr","locations":[{"start":{"line":245,"column":52},"end":{"line":245,"column":66}},{"start":{"line":245,"column":66},"end":{"line":245,"column":73}}],"line":245}},"s":{"0":2,"1":27,"2":27,"3":107,"4":1,"5":1,"6":27,"7":52,"8":27,"9":52,"10":27,"11":27,"12":208,"13":78,"14":1,"15":0,"16":0,"17":0,"18":0,"19":0},"f":{"0":27,"1":107,"2":1,"3":52,"4":52,"5":208,"6":78,"7":1,"8":0,"9":0},"b":{"0":[27],"1":[27],"2":[27],"3":[1,26],"4":[27,1],"5":[27,4],"6":[4,23],"7":[27,1,0],"8":[4,23],"9":[1,22],"10":[27,1],"11":[27,4],"12":[27,7],"13":[27,27],"14":[27,26],"15":[27,0],"16":[1,26],"17":[27,1],"18":[26,4],"19":[26,0,0],"20":[26,6],"21":[1,26],"22":[27,1],"23":[0,26],"24":[26,0],"25":[26,4],"26":[26,6],"27":[1,26],"28":[27,1],"29":[26,4],"30":[26,4],"31":[1,26],"32":[27,1],"33":[0,26],"34":[0,26],"35":[26,4],"36":[26,4],"37":[1,26],"38":[27,1],"39":[0,0],"40":[0,0],"41":[26,4],"42":[26,7],"43":[26,1],"44":[1,1],"45":[1,26],"46":[27,1],"47":[26,4],"48":[26,26],"49":[1,26],"50":[27,1],"51":[26,26],"52":[1,26],"53":[27,1],"54":[26,25]},"meta":{"lastBranch":55,"lastFunction":10,"lastStatement":20,"seen":{"s:27:67:250:Infinity":0,"f:27:67:27:68":0,"b:30:15:30:Infinity":0,"b:31:14:31:Infinity":1,"b:34:15:34:Infinity":2,"s:37:54:37:Infinity":1,"s:40:32:44:Infinity":2,"f:40:32:40:33":1,"s:40:62:44:Infinity":3,"f:40:62:40:63":2,"s:42:31:42:Infinity":4,"s:43:8:43:Infinity":5,"s:46:23:46:Infinity":6,"f:46:23:46:24":3,"s:46:53:46:Infinity":7,"s:47:24:47:Infinity":8,"f:47:24:47:25":4,"s:47:54:47:Infinity":9,"b:49:4:51:Infinity:undefined:undefined:undefined:undefined":3,"s:49:4:51:Infinity":10,"b:49:8:49:19:49:19:49:30":4,"s:53:4:248:Infinity":11,"b:58:21:58:33:58:33:58:Infinity":5,"b:63:39:63:80:63:80:63:Infinity":6,"b:64:28:64:132:64:132:64:152:64:152:64:Infinity":7,"b:66:48:66:70:66:70:66:Infinity":8,"b:66:80:66:85:66:85:66:Infinity":9,"b:67:31:67:51:67:51:67:Infinity":10,"b:71:21:71:33:71:33:71:Infinity":11,"b:77:23:77:35:77:35:77:Infinity":12,"b:78:30:78:51:78:51:78:Infinity":13,"b:81:25:81:47:81:47:81:Infinity":14,"b:85:26:85:106:85:106:85:Infinity":15,"b:91:20:91:Infinity:93:20:104:Infinity":16,"b:90:17:90:28:90:28:90:Infinity":17,"b:97:28:97:40:97:40:97:Infinity":18,"b:98:28:98:108:98:108:98:120:98:120:98:Infinity":19,"b:101:31:101:43:101:43:101:Infinity":20,"b:111:20:111:Infinity:113:20:126:Infinity":21,"b:110:17:110:28:110:28:110:Infinity":22,"b:118:34:118:Infinity:119:34:119:Infinity":23,"b:117:28:117:126:117:126:117:Infinity":24,"b:120:28:120:40:120:40:120:Infinity":25,"b:123:31:123:49:123:49:123:Infinity":26,"b:133:20:133:Infinity:135:20:148:Infinity":27,"b:132:17:132:28:132:28:132:Infinity":28,"b:138:28:138:40:138:40:138:Infinity":29,"b:140:31:140:49:140:49:140:Infinity":30,"f:145:47:145:Infinity":5,"s:146:28:146:Infinity":12,"b:155:20:155:Infinity:157:20:173:Infinity":31,"b:154:17:154:28:154:28:154:Infinity":32,"b:160:54:160:Infinity:161:32:162:Infinity":33,"b:161:63:161:Infinity:162:36:162:Infinity":34,"b:163:28:163:40:163:40:163:Infinity":35,"b:165:31:165:46:165:46:165:Infinity":36,"f:170:44:170:Infinity":6,"s:171:28:171:Infinity":13,"b:180:20:180:Infinity:182:20:213:Infinity":37,"b:179:17:179:28:179:28:179:Infinity":38,"f:184:40:184:46":7,"s:184:46:184:Infinity":14,"f:185:32:185:33":8,"s:186:41:186:Infinity":15,"b:187:28:187:Infinity:undefined:undefined:undefined:undefined":39,"s:187:28:187:Infinity":16,"b:187:32:187:40:187:40:187:76":40,"s:187:76:187:Infinity":17,"s:188:28:188:Infinity":18,"b:196:32:196:44:196:44:196:Infinity":41,"b:198:35:198:57:198:57:198:Infinity":42,"f:200:37:200:43":9,"s:200:43:200:Infinity":19,"b:203:25:203:Infinity:204:28:211:Infinity":43,"b:208:39:208:61:208:61:208:Infinity":44,"b:220:20:220:Infinity:222:20:229:Infinity":45,"b:219:17:219:28:219:28:219:Infinity":46,"b:223:33:223:49:223:49:223:Infinity":47,"b:228:34:228:46:228:46:228:Infinity":48,"b:235:20:235:Infinity:237:20:237:Infinity":49,"b:234:17:234:28:234:28:234:Infinity":50,"b:237:52:237:81:237:81:237:88":51,"b:243:20:243:Infinity:245:20:245:Infinity":52,"b:242:17:242:28:242:28:242:Infinity":53,"b:245:52:245:66:245:66:245:73":54}}}
,"/Users/danielopazodamiani/Downloads/HHRGithub20Dic-main/components/census/patient-row/RutPassportInput.tsx": {"path":"/Users/danielopazodamiani/Downloads/HHRGithub20Dic-main/components/census/patient-row/RutPassportInput.tsx","statementMap":{"0":{"start":{"line":17,"column":65},"end":{"line":86,"column":null}},"1":{"start":{"line":29,"column":4},"end":{"line":35,"column":null}},"2":{"start":{"line":30,"column":8},"end":{"line":33,"column":null}},"3":{"start":{"line":37,"column":4},"end":{"line":84,"column":null}},"4":{"start":{"line":54,"column":24},"end":{"line":54,"column":null}}},"fnMap":{"0":{"name":"(anonymous_0)","decl":{"start":{"line":17,"column":65},"end":{"line":17,"column":66}},"loc":{"start":{"line":27,"column":6},"end":{"line":86,"column":null}},"line":27},"1":{"name":"(anonymous_1)","decl":{"start":{"line":53,"column":30},"end":{"line":53,"column":31}},"loc":{"start":{"line":53,"column":39},"end":{"line":55,"column":null}},"line":53}},"branchMap":{"0":{"loc":{"start":{"line":20,"column":4},"end":{"line":20,"column":null}},"type":"default-arg","locations":[{"start":{"line":20,"column":15},"end":{"line":20,"column":null}}],"line":20},"1":{"loc":{"start":{"line":21,"column":4},"end":{"line":21,"column":null}},"type":"default-arg","locations":[{"start":{"line":21,"column":14},"end":{"line":21,"column":null}}],"line":21},"2":{"loc":{"start":{"line":22,"column":4},"end":{"line":22,"column":null}},"type":"default-arg","locations":[{"start":{"line":22,"column":14},"end":{"line":22,"column":null}}],"line":22},"3":{"loc":{"start":{"line":25,"column":4},"end":{"line":25,"column":null}},"type":"default-arg","locations":[{"start":{"line":25,"column":15},"end":{"line":25,"column":null}}],"line":25},"4":{"loc":{"start":{"line":26,"column":4},"end":{"line":26,"column":null}},"type":"default-arg","locations":[{"start":{"line":26,"column":15},"end":{"line":26,"column":null}}],"line":26},"5":{"loc":{"start":{"line":29,"column":4},"end":{"line":35,"column":null}},"type":"if","locations":[{"start":{"line":29,"column":4},"end":{"line":35,"column":null}},{"start":{},"end":{}}],"line":29},"6":{"loc":{"start":{"line":29,"column":8},"end":{"line":29,"column":30}},"type":"binary-expr","locations":[{"start":{"line":29,"column":8},"end":{"line":29,"column":19}},{"start":{"line":29,"column":19},"end":{"line":29,"column":30}}],"line":29},"7":{"loc":{"start":{"line":44,"column":24},"end":{"line":44,"column":null}},"type":"binary-expr","locations":[{"start":{"line":44,"column":24},"end":{"line":44,"column":36}},{"start":{"line":44,"column":36},"end":{"line":44,"column":null}}],"line":44},"8":{"loc":{"start":{"line":45,"column":24},"end":{"line":47,"column":null}},"type":"cond-expr","locations":[{"start":{"line":46,"column":31},"end":{"line":46,"column":null}},{"start":{"line":47,"column":31},"end":{"line":47,"column":null}}],"line":45},"9":{"loc":{"start":{"line":46,"column":31},"end":{"line":46,"column":null}},"type":"cond-expr","locations":[{"start":{"line":46,"column":42},"end":{"line":46,"column":74}},{"start":{"line":46,"column":74},"end":{"line":46,"column":null}}],"line":46},"10":{"loc":{"start":{"line":47,"column":31},"end":{"line":47,"column":null}},"type":"cond-expr","locations":[{"start":{"line":47,"column":42},"end":{"line":47,"column":74}}
[...]
:{"loc":{"start":{"line":63,"column":4},"end":{"line":63,"column":null}},"type":"if","locations":[{"start":{"line":63,"column":4},"end":{"line":63,"column":null}},{"start":{},"end":{}}],"line":63},"7":{"loc":{"start":{"line":74,"column":4},"end":{"line":74,"column":null}},"type":"if","locations":[{"start":{"line":74,"column":4},"end":{"line":74,"column":null}},{"start":{},"end":{}}],"line":74},"8":{"loc":{"start":{"line":77,"column":11},"end":{"line":77,"column":null}},"type":"binary-expr","locations":[{"start":{"line":77,"column":11},"end":{"line":77,"column":40}},{"start":{"line":77,"column":40},"end":{"line":77,"column":null}}],"line":77}},"s":{"0":11,"1":16,"2":11,"3":6,"4":6,"5":1,"6":5,"7":5,"8":5,"9":5,"10":11,"11":10,"12":10,"13":10,"14":10,"15":10,"16":80,"17":80,"18":10,"19":10,"20":1,"21":9,"22":4,"23":5,"24":11,"25":10,"26":1,"27":9,"28":9,"29":1,"30":8,"31":8,"32":8,"33":1,"34":7,"35":7,"36":11,"37":10,"38":1,"39":9,"40":9},"f":{"0":16,"1":6,"2":10,"3":10,"4":10},"b":{"0":[1,5],"1":[10,70],"2":[1,9],"3":[4,5],"4":[1,9],"5":[1,8],"6":[1,7],"7":[1,9],"8":[9,6]},"meta":{"lastBranch":9,"lastFunction":5,"lastStatement":41,"seen":{"s:9:24:11:Infinity":0,"f:9:24:9:25":0,"s:10:4:10:Infinity":1,"s:17:25:28:Infinity":2,"f:17:25:17:26":1,"s:18:20:18:Infinity":3,"b:19:4:19:Infinity:undefined:undefined:undefined:undefined":0,"s:19:4:19:Infinity":4,"s:19:28:19:Infinity":5,"s:21:17:21:Infinity":6,"s:22:21:22:Infinity":7,"s:25:22:25:Infinity":8,"s:27:4:27:Infinity":9,"s:33:36:48:Infinity":10,"f:33:36:33:37":2,"s:34:20:34:Infinity":11,"s:35:14:35:Infinity":12,"s:36:21:36:Infinity":13,"s:38:4:41:Infinity":14,"s:38:17:38:37":15,"s:39:8:39:Infinity":16,"s:40:8:40:Infinity":17,"b:40:40:40:44:40:44:40:Infinity":1,"s:43:22:43:Infinity":18,"b:45:4:45:Infinity:undefined:undefined:undefined:undefined":2,"s:45:4:45:Infinity":19,"s:45:26:45:Infinity":20,"b:46:4:46:Infinity:undefined:undefined:undefined:undefined":3,"s:46:4:46:Infinity":21,"s:46:26:46:Infinity":22,"s:47:4:47:Infinity":23,"s:53:26:68:Infinity":24,"f:53:26:53:27":3,"b:54:4:54:Infinity:undefined:undefined:undefined:undefined":4,"s:54:4:54:Infinity":25,"s:54:14:54:Infinity":26,"s:56:20:56:Infinity":27,"b:57:4:57:Infinity:undefined:undefined:undefined:undefined":5,"s:57:4:57:Infinity":28,"s:57:28:57:Infinity":29,"s:59:17:59:Infinity":30,"s:60:21:60:Infinity":31,"b:63:4:63:Infinity:undefined:undefined:undefined:undefined":6,"s:63:4:63:Infinity":32,"s:63:29:63:Infinity":33,"s:66:29:66:Infinity":34,"s:67:4:67:Infinity":35,"s:73:32:78:Infinity":36,"f:73:32:73:33":4,"b:74:4:74:Infinity:undefined:undefined:undefined:undefined":7,"s:74:4:74:Infinity":37,"s:74:16:74:Infinity":38,"s:76:20:76:Infinity":39,"s:77:4:77:Infinity":40,"b:77:11:77:40:77:40:77:Infinity":8}}}
,"/Users/danielopazodamiani/Downloads/HHRGithub20Dic-main/utils/stringUtils.ts": {"path":"/Users/danielopazodamiani/Downloads/HHRGithub20Dic-main/utils/stringUtils.ts","statementMap":{"0":{"start":{"line":10,"column":31},"end":{"line":17,"column":null}},"1":{"start":{"line":11,"column":4},"end":{"line":11,"column":null}},"2":{"start":{"line":11,"column":14},"end":{"line":11,"column":null}},"3":{"start":{"line":12,"column":4},"end":{"line":16,"column":null}},"4":{"start":{"line":15,"column":21},"end":{"line":15,"column":65}},"5":{"start":{"line":22,"column":29},"end":{"line":25,"column":null}},"6":{"start":{"line":23,"column":4},"end":{"line":23,"column":null}},"7":{"start":{"line":23,"column":15},"end":{"line":23,"column":null}},"8":{"start":{"line":24,"column":4},"end":{"line":24,"column":null}},"9":{"start":{"line":30,"column":24},"end":{"line":33,"column":null}},"10":{"start":{"line":31,"column":4},"end":{"line":31,"column":null}},"11":{"start":{"line":31,"column":41},"end":{"line":31,"column":null}},"12":{"start":{"line":32,"column":4},"end":{"line":32,"column":null}},"13":{"start":{"line":38,"column":23},"end":{"line":40,"column":null}},"14":{"start":{"line":39,"column":4},"end":{"line":39,"column":null}},"15":{"start":{"line":45,"column":29},"end":{"line":47,"column":null}},"16":{"start":{"line":46,"column":4},"end":{"line":46,"column":null}},"17":{"start":{"line":52,"column":27},"end":{"line":56,"column":null}},"18":{"start":{"line":53,"column":27},"end":{"line":53,"column":null}},"19":{"start":{"line":54,"column":28},"end":{"line":54,"column":null}},"20":{"start":{"line":55,"column":4},"end":{"line":55,"column":null}}},"fnMap":{"0":{"name":"(anonymous_0)","decl":{"start":{"line":10,"column":31},"end":{"line":10,"column":32}},"loc":{"start":{"line":10,"column":56},"end":{"line":17,"column":null}},"line":10},"1":{"name":"(anonymous_1)","decl":{"start":{"line":15,"column":13},"end":{"line":15,"column":21}},"loc":{"start":{"line":15,"column":21},"end":{"line":15,"column":65}},"line":15},"2":{"name":"(anonymous_2)","decl":{"start":{"line":22,"column":29},"end":{"line":22,"column":30}},"loc":{"start":{"line":22,"column":55},"end":{"line":25,"column":null}},"line":22},"3":{"name":"(anonymous_3)","decl":{"start":{"line":30,"column":24},"end":{"line":30,"column":25}},"loc":{"start":{"line":30,"column":68},"end":{"line":33,"column":null}},"line":30},"4":{"name":"(anonymous_4)","decl":{"start":{"line":38,"column":23},"end":{"line":38,"column":24}},"loc":{"start":{"line":38,"column":68},"end":{"line":40,"column":null}},"line":38},"5":{"name":"(anonymous_5)","decl":{"start":{"line":45,"column":29},"end":{"line":45,"column":30}},"loc":{"start":{"line":45,"column":54},"end":{"line":47,"column":null}},"line":45},"6":{"name":"(anonymous_6)","decl":{"start":{"line":52,"column":27},"end":{"line":52,"column":28}},"loc":{"start":{"line":52,"column":69},"end":{"line":56,"column":null}},"line":52}},"branchMap":{"0":{"loc":{"start":{"line":11,"column":4},"end":{"line":11,"column":null}},"type":"if","locations":[{"start":{"line":11,"column":4},"end":{"line":11,"column":null}},{"start":{},"end":{}}],"line":11},"1":{"loc":{"start":{"line":23,"column":4},"end":{"line":23,"column":null}},"type":"if","locations":[{"start":{"line":23,"column":4},"end":{"line":23,"column":null}},{"start":{},"end":{}}],"line":23},"2":{"loc":{"start":{"line":31,"column":4},"end":{"line":31,"column":null}},"type":"if","locations":[{"start":{"line":31,"column":4},"end":{"line":31,"column":null}},{"start":{},"end":{}}],"line":31},"3":{"loc":{"start":{"line":31,"column":8},"end":{"line":31,"column":41}},"type":"binary-expr","locations":[{"start":{"line":31,"column":8},"end":{"line":31,"column":16}},{"start":{"line":31,"column":16},"end":{"line":31,"column":41}}],"line":31},"4":{"loc":{"start":{"line":39,"column":11},"end":{"line":39,"column":null}},"type":"binary-expr","locations":[{"start":{"line":39,"column":11},"end":{"line":39,"column":19}},{"start":{"line":39,"column":19},"end":{"line":39,"column":null}}],"line":39}},"s":{"0":10,"1":8,"2":0,"3":8,"4":16,"5":10,"6":0,"7":0,"8":0,"9":10,"10":0,"11":0,"12":0,"13":10,"14":0,"15":10,"16":0,"17":10,"18":0,"19":0,"20":0},"f":{"0":8,"1":16,"2":0,"3":0,"4":0,"5":0,"6":0},"b":{"0":[0,8],"1":[0,0],"2":[0,0],"3":[0,0],"4":[0,0]},"meta":{"lastBranch":5,"lastFunction":7,"lastStatement":21,"seen":{"s:10:31:17:Infinity":0,"f:10:31:10:32":0,"b:11:4:11:Infinity:undefined:undefined:undefined:undefined":0,"s:11:4:11:Infinity":1,"s:11:14:11:Infinity":2,"s:12:4:16:Infinity":3,"f:15:13:15:21":1,"s:15:21:15:65":4,"s:22:29:25:Infinity":5,"f:22:29:22:30":2,"b:23:4:23:Infinity:undefined:undefined:undefined:undefined":1,"s:23:4:23:Infinity":6,"s:23:15:23:Infinity":7,"s:24:4:24:Infinity":8,"s:30:24:33:Infinity":9,"f:30:24:30:25":3,"b:31:4:31:Infinity:undefined:undefined:undefined:undefined":2,"s:31:4:31:Infinity":10,"b:31:8:31:16:31:16:31:41":3,"s:31:41:31:Infinity":11,"s:32:4:32:Infinity":12,"s:38:23:40:Infinity":13,"f:38:23:38:24":4,"s:39:4:39:Infinity":14,"b:39:11:39:19:39:19:39:Infinity":4,"s:45:29:47:Infinity":15,"f:45:29:45:30":5,"s:46:4:46:Infinity":16,"s:52:27:56:Infinity":17,"f:52:27:52:28":6,"s:53:27:53:Infinity":18,"s:54:28:54:Infinity":19,"s:55:4:55:Infinity":20}}}
,"/Users/danielopazodamiani/Downloads/HHRGithub20Dic-main/views/cudyr/CudyrScoreUtils.ts": {"path":"/Users/danielopazodamiani/Downloads/HHRGithub20Dic-main/views/cudyr/CudyrScoreUtils.ts","statementMap":{"0":{"start":{"line":11,"column":45},"end":{"line":26,"column":null}},"1":{"start":{"line":36,"column":27},"end":{"line":43,"column":null}},"2":{"start":{"line":37,"column":4},"end":{"line":42,"column":null}},"3":{"start":{"line":49,"column":28},"end":{"line":58,"column":null}},"4":{"start":{"line":50,"column":4},"end":{"line":57,"column":null}},"5":{"start":{"line":70,"column":30},"end":{"line":74,"column":null}},"6":{"start":{"line":71,"column":4},"end":{"line":71,"column":null}},"7":{"start":{"line":71,"column":21},"end":{"line":71,"column":null}},"8":{"start":{"line":72,"column":4},"end":{"line":72,"column":null}},"9":{"start":{"line":72,"column":20},"end":{"line":72,"column":null}},"10":{"start":{"line":73,"column":4},"end":{"line":73,"column":null}},"11":{"start":{"line":83,"column":31},"end":{"line":88,"column":null}},"12":{"start":{"line":84,"column":4},"end":{"line":84,"column":null}},"13":{"start":{"line":84,"column":21},"end":{"line":84,"column":null}},"14":{"start":{"line":85,"column":4},"end":{"line":85,"column":null}},"15":{"start":{"line":85,"column":21},"end":{"line":85,"column":null}},"16":{"start":{"line":86,"column":4},"end":{"line":86,"column":null}},"17":{"start":{"line":86,"column":20},"end":{"line":86,"column":null}},"18":{"start":{"line":87,"column":4},"end":{"line":87,"column":null}},"19":{"start":{"line":93,"column":32},"end":{"line":101,"column":null}},"20":{"start":{"line":94,"column":4},"end":{"line":100,"column":null}},"21":{"start":{"line":95,"column":18},"end":{"line":95,"column":null}},"22":{"start":{"line":96,"column":18},"end":{"line":96,"column":null}},"23":{"start":{"line":97,"column":18},"end":{"line":97,"column":null}},"24":{"start":{"line":98,"column":18},"end":{"line":98,"column":null}},"25":{"start":{"line":99,"column":17},"end":{"line":99,"column":null}},"26":{"start":{"line":106,"column":33},"end":{"line":125,"column":null}},"27":{"start":{"line":107,"column":14},"end":{"line":107,"column":null}},"28":{"start":{"line":108,"column":21},"end":{"line":108,"column":null}},"29":{"start":{"line":109,"column":22},"end":{"line":109,"column":null}},"30":{"start":{"line":110,"column":19},"end":{"line":110,"column":null}},"31":{"start":{"line":111,"column":20},"end":{"line":111,"column":null}},"32":{"start":{"line":112,"column":21},"end":{"line":112,"column":null}},"33":{"start":{"line":113,"column":23},"end":{"line":113,"column":null}},"34":{"start":{"line":114,"column":26},"end":{"line":114,"column":null}},"35":{"start":{"line":116,"column":4},"end":{"line":124,"column":null}}},"fnMap":{"0":{"name":"(anonymous_0)","decl":{"start":{"line":36,"column":27},"end":{"line":36,"column":28}},"loc":{"start":{"line":36,"column":54},"end":{"line":43,"column":null}},"line":36},"1":{"name":"(anonymous_1)","decl":{"start":{"line":49,"column":28},"end":{"line":49,"column":29}},"loc":{"start":{"line":49,"column":55},"end":{"line":58,"column":null}},"line":49},"2":{"name":"(anonymous_2)","decl":{"start":{"line":70,"column":30},"end":{"line":70,"column":31}},"loc":{"start":{"line":70,"column":57},"end":{"line":74,"column":null}},"line":70},"3":{"name":"(anonymous_3)","decl":{"start":{"line":83,"column":31},"end":{"line":83,"column":32}},"loc":{"start":{"line":83,"column":58},"end":{"line":88,"column":null}},"line":83},"4":{"name":"(anonymous_4)","decl":{"start":{"line":93,"column":32},"end":{"line":93,"column":33}},"loc":{"start":{"line":93,"column":61},"end":{"line":101,"column":null}},"line":93},"5":{"name":"(anonymous_5)","decl":{"start":{"line":106,"column":33},"end":{"line":106,"column":34}},"loc":{"start":{"line":106,"column":68},"end":{"line":125,"column":null}},"line":106}},"branchMap":{"0":{"loc":{"start":{"line":37,"column":12},"end":{"line":37,"column":null}},"type":"binary-expr","locations":[{"start":{"line":37,"column":12},"end":{"line":37,"column":31}},{"start":{"line":37,"column":31},"end":{"line":37,"column":null}}],"line":37},"1":{"loc":{"start":{"line":38,"column":9},"end":{"line":38,"column":null}},"type":"binary-expr","locations":[{"start":{"line":38,"column":9},"end":{"line":38,"column":27}},{"start":{"line":38,"column":27},"end":{"line":38,"column":null}}],"line":38},"2":{"loc":{"start":{"line":39,"column":9},"end":{"line":39,"column":null}},"type":"binary-expr","locations":[{"start":{"line":39,"column":9},"end":{"line":39,"column":22}},{"start":{"line":39,"column":22},"end":{"line":39,"column":null}}],"line":39},"3":{"loc":{"start":{"line":40,"column":9},"end":{"line":40,"column":null}},"type":"binary-expr","locations":[{"start":{"line":40,"column":9},"end":{"line":40,"column":26}},{"start":{"line":40,"column":26},"end":{"line":40,"column":null}}],"line":40},"4":{"loc":{"start":{"line":41,"column":9},"end":{"line":41,"column":null}},"type":"binary-expr","locations":[{"start":{"line":41,"column":9},"end":{"line":41,"column":27}},{"start":{"line":41,"column":27},"end":{"line":41,"column":null}}],"line":41},"5":{"loc":{"start":{"line":42,"column":9},"end":{"line":42,"column":null}},"type":"binary-expr","locations":[{"start":{"line":42,"column":9},"end":{"line":42,"column":27}},{"start":{"line":42,"column":27},"end":{"line":42,"column":null}}],"line":42},"6":{"loc":{"start":{"line":50,"column":12},"end":{"line":50,"column":null}},"type":"binary-expr","locations":[{"start":{"line":50,"column":12},"end":{"line":50,"column":28}},{"start":{"line":50,"column":28},"end":{"line":50,"column":null}}],"line":50},"7":{"loc":{"start":{"line":51,"column":9},"end":{"line":51,"column":null}},"type":"binary-expr","locations":[{"start":{"line":51,"column":9},"end":{"line":51,"column":27}},{"start":{"line":51,"column":27},"end":{"line":51,"column":null}}],"line":51},"8":{"loc":{"start":{"line":52,"column":9},"end":{"line":52,"column":null}},"type":"binary-expr","locations":[{"start":{"line":52,"column":9},"end":{"line":52,"column":28}},{"start":{"line":52,"column":28},"end":{"line":52,"column":null}}],"line":52},"9":{"loc":{"start":{"line":53,"column":9},"end":{"line":53,"column":null}},"type":"binary-expr","locations":[{"start":{"line":53,"column":9},"end":{"line":53,"column":21}},{"start":{"line":53,"column":21},"end":{"line":53,"column":null}}],"line":53},"10":{"loc":{"start":{"line":54,"column":9},"end":{"line":54,"column":null}},"type":"binary-expr","locations":[{"start":{"line":54,"column":9},"end":{"line":54,"column":31}},{"start":{"line":54,"column":31},"end":{"line":54,"column":null}}],"line":54},"11":{"loc":{"start":{"line":55,"column":9},"end":{"line":55,"column":null}},"type":"binary-expr","locations":[{"start":{"line":55,"column":9},"end":{"line":55,"column":23}},{"start":{"line":55,"column":23},"end":{"line":55,"column":null}}],"line":55},"12":{"loc":{"start":{"line":56,"column":9},"end":{"line":56,"column":null}},"type":"binary-expr","locations":[{"start":{"line":56,"column":9},"end":{"line":56,"column":27}},{"start":{"line":56,"column":27},"end":{"line":56,"column":null}}],"line":56},"13":{"loc":{"start":{"line":57,"column":9},"end":{"line":57,"column":null}},"type":"binary-expr","locations":[{"start":{"line":57,"column":9},"end":{"line":57,"column":31}},{"start":{"line":57,"column":31},"end":{"line":57,"column":null}}],"line":57},"14":{"loc":{"start":{"line":71,"column":4},"end":{"line":71,"column":null}},"type":"if","locations":[{"start":{"line":71,"column":4},"end":{"line":71,"column":null}},{"start":{},"end":{}}],"line":71},"15":{"loc":{"start":{"line":72,"column":4},"end":{"line":72,"column":null}},"type":"if","locations":[{"start":{"line":72,"column":4},"end":{"line":72,"column":null}},{"start":{},"end":{}}],"line":72},"16":{"loc":{"start":{"line":84,"column":4},"end":{"line":84,"column":null}},"type":"if","locations":[{"start":{"line":84,"column":4},"end":{"line":84,"column":null}},{"start":{},"end":{}}],"line":84},"17":{"loc":{"start":{"line":85,"column":4},"end":{"line":85,"column":null}},"type":"if","locations":[{"start":{"line":85,"column":4},"end":{"line":85,"column":null}},{"start":{},"end":{}}],"line":85},"18":{"loc":{"start":{"line":86,"column":4},"end":{"line":86,"column":null}},"type":"if","locations":[{"start":{"line":86,"column":4},"end":{"line":86,"column":null}},{"start":{},"end":{}}],"line":86},"19":{"loc":{"start":{"line":94,"column":4},"end":{"line":100,"column":null}},"type":"switch","locations":[{"start":{"line":95,"column":8},"end":{"line":95,"column":null}},{"start":{"line":96,"column":8},"end":{"line":96,"column":null}},{"start":{"line":97,"column":8},"end":{"line":97,"column":null}},{"start":{"line":98,"column":8},"end":{"line":98,"column":null}},{"start":{"line":99,"column":8},"end":{"line":99,"column":null}}],"line":94},"20":{"loc":{"start":{"line":107,"column":14},"end":{"line":107,"column":null}},"type":"binary-expr","locations":[{"start":{"line":107,"column":14},"end":{"line":107,"column":23}},{"start":{"line":107,"column":23},"end":{"line":107,"column":null}}],"line":107},"21":{"loc":{"start":{"line":114,"column":26},"end":{"line":114,"column":null}},"type":"binary-expr","locations":[{"start":{"line":114,"column":26},"end":{"line":114,"column":42}},{"start":{"line":114,"column":42},"end":{"line":114,"column":null}}],"line":114}},"s":{"0":1,"1":1,"2":4,"3":1,"4":4,"5":1,"6":11,"7":3,"8":8,"9":8,"10":4,"11":1,"12":14,"13":3,"14":11,"15":4,"16":7,"17":3,"18":4,"19":1,"20":6,"21":1,"22":2,"23":1,"24":2,"25":0,"26":1,"27":2,"28":2,"29":2,"30":2,"31":2,"32":2,"33":2,"34":2,"35":2},"f":{"0":4,"1":4,"2":11,"3":14,"4":6,"5":2},"b":{"0":[4,2],"1":[4,2],"2":[4,2],"3":[4,2],"4":[4,2],"5":[4,2],"6":[4,2],"7":[4,2],"8":[4,2],"9":[4,2],"10":[4,2],"11":[4,2],"12":[4,2],"13":[4,2],"14":[3,8],"15":[4,4],"16":[3,11],"17":[4,7],"18":[3,4],"19":[1,2,1,2,0],"20":[2,1],"21":[2,1]},"meta":{"lastBranch":22,"lastFunction":6,"lastStatement":36,"seen":{"s:11:45:26:Infinity":0,"s:36:27:43:Infinity":1,"f:36:27:36:28":0,"s:37:4:42:Infinity":2,"b:37:12:37:31:37:31:37:Infinity":0,"b:38:9:38:27:38:27:38:Infinity":1,"b:39:9:39:22:39:22:39:Infinity":2,"b:40:9:40:26:40:26:40:Infinity":3,"b:41:9:41:27:41:27:41:Infinity":4,"b:42:9:42:27:42:27:42:Infinity":5,"s:49:28:58:Infinity":3,"f:49:28:49:29":1,"s:50:4:57:Infinity":4,"b:50:12:50:28:50:28:50:Infinity":6,"b:51:9:51:27:51:27:51:Infinity":7,"b:52:9:52:28:52:28:52:Infinity":8,"b:53:9:53:21:53:21:53:Infinity":9,"b:54:9:54:31:54:31:54:Infinity":10,"b:55:9:55:23:55:23:55:Infinity":11,"b:56:9:56:27:56:27:56:Infinity":12,"b:57:9:57:31:57:31:57:Infinity":13,"s:70:30:74:Infinity":5,"f:70:30:70:31":2,"b:71:4:71:Infinity:undefined:undefined:undefined:undefined":14,"s:71:4:71:Infinity":6,"s:71:21:71:Infinity":7,"b:72:4:72:Infinity:undefined:undefined:undefined:undefined":15,"s:72:4:72:Infinity":8,"s:72:20:72:Infinity":9,"s:73:4:73:Infinity":10,"s:83:31:88:Infinity":11,"f:83:31:83:32":3,"b:84:4:84:Infinity:undefined:undefined:undefined:undefined":16,"s:84:4:84:Infinity":12,"s:84:21:84:Infinity":13,"b:85:4:85:Infinity:undefined:undefined:undefined:undefined":17,"s:85:4:85:Infinity":14,"s:85:21:85:Infinity":15,"b:86:4:86:Infinity:undefined:undefined:undefined:undefined":18,"s:86:4:86:Infinity":16,"s:86:20:86:Infinity":17,"s:87:4:87:Infinity":18,"s:93:32:101:Infinity":19,"f:93:32:93:33":4,"b:95:8:95:Infinity:96:8:96:Infinity:97:8:97:Infinity:98:8:98:Infinity:99:8:99:Infinity":19,"s:94:4:100:Infinity":20,"s:95:18:95:Infinity":21,"s:96:18:96:Infinity":22,"s:97:18:97:Infinity":23,"s:98:18:98:Infinity":24,"s:99:17:99:Infinity":25,"s:106:33:125:Infinity":26,"f:106:33:106:34":5,"s:107:14:107:Infinity":27,"b:107:14:107:23:107:23:107:Infinity":20,"s:108:21:108:Infinity":28,"s:109:22:109:Infinity":29,"s:110:19:110:Infinity":30,"s:111:20:111:Infinity":31,"s:112:21:112:Infinity":32,"s:113:23:113:Infinity":33,"s:114:26:114:Infinity":34,"b:114:26:114:42:114:42:114:Infinity":21,"s:116:4:124:Infinity":35}}}
}
